{"last_updated": "2014-07-13 11:15:03.315825", "results": [{"group": "Android", "test_results": [{"skipped": {}, "all_passed": false, "environments": ["dev", "prod", "stage"], "path_to_result": "tests.mobile.test_reviews/TestReviews/test_that_after_viewing_reviews_clicking_back_goes_to_app_page/", "failed": [{"jobs": ["marketplace.dev.mobile.saucelabs"], "result": "failure", "detail": "test failure: self = <tests.mobile.test_reviews.TestReviews instance at 0x10bcdacb0>\nmozwebqa = <pytest_mozwebqa.pytest_mozwebqa.TestSetup instance at 0x10bcdaab8>\n\n    @pytest.mark.nondestructive\n    def test_that_after_viewing_reviews_clicking_back_goes_to_app_page(self, mozwebqa):\n        \"\"\" Navigate to the reviews listing for an app from the URL (not by clicking through to it),\n            click back, test that the current page is the app page.\n            \"\"\"\n    \n        home_page = Home(mozwebqa)\n>       home_page.go_to_homepage()\n\ntests/mobile/test_reviews.py:74: \n_ _ _ _ _ _ _ _ _ _ _ _ _ _ _ _ _ _ _ _ _ _ _ _ _ _ _ _ _ _ _ _ _ _ _ _ _ _ _ _ \n\nself = <pages.mobile.home.Home object at 0x10bcdb690>\n\n    def go_to_homepage(self):\n        self.selenium.get(self.base_url)\n>       self.wait_for_element_present(*self._featured_section_locator)\n\npages/mobile/home.py:30: \n_ _ _ _ _ _ _ _ _ _ _ _ _ _ _ _ _ _ _ _ _ _ _ _ _ _ _ _ _ _ _ _ _ _ _ _ _ _ _ _ \n\nself = <pages.mobile.home.Home object at 0x10bcdb690>\nlocator = ('id', 'featured')\n\n    def wait_for_element_present(self, *locator):\n        \"\"\"Wait for an element to become present.\"\"\"\n        self.selenium.implicitly_wait(0)\n        try:\n            WebDriverWait(self.selenium, 10).until(lambda s: self._selenium_root.find_element(*locator))\n        except TimeoutException:\n>           Assert.fail(TimeoutException)\n\npages/page.py:92: \n_ _ _ _ _ _ _ _ _ _ _ _ _ _ _ _ _ _ _ _ _ _ _ _ _ _ _ _ _ _ _ _ _ _ _ _ _ _ _ _ \n\nself = <class 'unittestzero.Assert'>\nmsg = <class 'selenium.common.exceptions.TimeoutException'>\n\n    @classmethod\n    def fail(self, msg):\n        \"\"\"\n            Raises an assertion error with a message passed in\n    \n            :Args:\n             - Message that will be printed\n            \"\"\"\n>       raise AssertionError(msg)\nE       AssertionError: <class 'selenium.common.exceptions.TimeoutException'>\n\n.env/lib/python2.7/site-packages/unittestzero.py:125: AssertionError"}, {"jobs": ["marketplace.prod.mobile.saucelabs"], "result": "failure", "detail": "test failure: self = <tests.mobile.test_reviews.TestReviews instance at 0x1020fa710>\nmozwebqa = <pytest_mozwebqa.pytest_mozwebqa.TestSetup instance at 0x1020b5680>\n\n    @pytest.mark.nondestructive\n    def test_that_after_viewing_reviews_clicking_back_goes_to_app_page(self, mozwebqa):\n        \"\"\" Navigate to the reviews listing for an app from the URL (not by clicking through to it),\n            click back, test that the current page is the app page.\n            \"\"\"\n    \n        home_page = Home(mozwebqa)\n>       home_page.go_to_homepage()\n\ntests/mobile/test_reviews.py:74: \n_ _ _ _ _ _ _ _ _ _ _ _ _ _ _ _ _ _ _ _ _ _ _ _ _ _ _ _ _ _ _ _ _ _ _ _ _ _ _ _ \n\nself = <pages.mobile.home.Home object at 0x102112e50>\n\n    def go_to_homepage(self):\n        self.selenium.get(self.base_url)\n>       self.wait_for_element_present(*self._featured_section_locator)\n\npages/mobile/home.py:30: \n_ _ _ _ _ _ _ _ _ _ _ _ _ _ _ _ _ _ _ _ _ _ _ _ _ _ _ _ _ _ _ _ _ _ _ _ _ _ _ _ \n\nself = <pages.mobile.home.Home object at 0x102112e50>\nlocator = ('id', 'featured')\n\n    def wait_for_element_present(self, *locator):\n        \"\"\"Wait for an element to become present.\"\"\"\n        self.selenium.implicitly_wait(0)\n        try:\n            WebDriverWait(self.selenium, 10).until(lambda s: self._selenium_root.find_element(*locator))\n        except TimeoutException:\n>           Assert.fail(TimeoutException)\n\npages/page.py:92: \n_ _ _ _ _ _ _ _ _ _ _ _ _ _ _ _ _ _ _ _ _ _ _ _ _ _ _ _ _ _ _ _ _ _ _ _ _ _ _ _ \n\nself = <class 'unittestzero.Assert'>\nmsg = <class 'selenium.common.exceptions.TimeoutException'>\n\n    @classmethod\n    def fail(self, msg):\n        \"\"\"\n            Raises an assertion error with a message passed in\n    \n            :Args:\n             - Message that will be printed\n            \"\"\"\n>       raise AssertionError(msg)\nE       AssertionError: <class 'selenium.common.exceptions.TimeoutException'>\n\n.env/lib/python2.7/site-packages/unittestzero.py:125: AssertionError"}, {"jobs": ["marketplace.stage.mobile.saucelabs"], "result": "failure", "detail": "test failure: self = <tests.mobile.test_reviews.TestReviews instance at 0x10ed57c68>\nmozwebqa = <pytest_mozwebqa.pytest_mozwebqa.TestSetup instance at 0x10ed50488>\n\n    @pytest.mark.nondestructive\n    def test_that_after_viewing_reviews_clicking_back_goes_to_app_page(self, mozwebqa):\n        \"\"\" Navigate to the reviews listing for an app from the URL (not by clicking through to it),\n            click back, test that the current page is the app page.\n            \"\"\"\n    \n        home_page = Home(mozwebqa)\n>       home_page.go_to_homepage()\n\ntests/mobile/test_reviews.py:74: \n_ _ _ _ _ _ _ _ _ _ _ _ _ _ _ _ _ _ _ _ _ _ _ _ _ _ _ _ _ _ _ _ _ _ _ _ _ _ _ _ \n\nself = <pages.mobile.home.Home object at 0x10ed3f2d0>\n\n    def go_to_homepage(self):\n        self.selenium.get(self.base_url)\n>       self.wait_for_element_present(*self._featured_section_locator)\n\npages/mobile/home.py:30: \n_ _ _ _ _ _ _ _ _ _ _ _ _ _ _ _ _ _ _ _ _ _ _ _ _ _ _ _ _ _ _ _ _ _ _ _ _ _ _ _ \n\nself = <pages.mobile.home.Home object at 0x10ed3f2d0>\nlocator = ('id', 'featured')\n\n    def wait_for_element_present(self, *locator):\n        \"\"\"Wait for an element to become present.\"\"\"\n        self.selenium.implicitly_wait(0)\n        try:\n            WebDriverWait(self.selenium, 10).until(lambda s: self._selenium_root.find_element(*locator))\n        except TimeoutException:\n>           Assert.fail(TimeoutException)\n\npages/page.py:92: \n_ _ _ _ _ _ _ _ _ _ _ _ _ _ _ _ _ _ _ _ _ _ _ _ _ _ _ _ _ _ _ _ _ _ _ _ _ _ _ _ \n\nself = <class 'unittestzero.Assert'>\nmsg = <class 'selenium.common.exceptions.TimeoutException'>\n\n    @classmethod\n    def fail(self, msg):\n        \"\"\"\n            Raises an assertion error with a message passed in\n    \n            :Args:\n             - Message that will be printed\n            \"\"\"\n>       raise AssertionError(msg)\nE       AssertionError: <class 'selenium.common.exceptions.TimeoutException'>\n\n.env/lib/python2.7/site-packages/unittestzero.py:125: AssertionError"}], "passed": [], "test_name": "test_that_after_viewing_reviews_clicking_back_goes_to_app_page"}, {"skipped": {}, "all_passed": false, "environments": ["dev", "prod", "stage"], "path_to_result": "tests.mobile.test_search/TestSearch/test_that_searching_with_empty_field_returns_results/", "failed": [{"jobs": ["marketplace.dev.mobile.saucelabs"], "result": "failure", "detail": "test failure: self = <tests.mobile.test_search.TestSearch instance at 0x109b57bd8>\nmozwebqa = <pytest_mozwebqa.pytest_mozwebqa.TestSetup instance at 0x109b57950>\n\n    @pytest.mark.nondestructive\n    def test_that_searching_with_empty_field_returns_results(self, mozwebqa):\n        home_page = Home(mozwebqa)\n>       home_page.go_to_homepage()\n\ntests/mobile/test_search.py:21: \n_ _ _ _ _ _ _ _ _ _ _ _ _ _ _ _ _ _ _ _ _ _ _ _ _ _ _ _ _ _ _ _ _ _ _ _ _ _ _ _ \n\nself = <pages.mobile.home.Home object at 0x109b16190>\n\n    def go_to_homepage(self):\n        self.selenium.get(self.base_url)\n>       self.wait_for_element_present(*self._featured_section_locator)\n\npages/mobile/home.py:30: \n_ _ _ _ _ _ _ _ _ _ _ _ _ _ _ _ _ _ _ _ _ _ _ _ _ _ _ _ _ _ _ _ _ _ _ _ _ _ _ _ \n\nself = <pages.mobile.home.Home object at 0x109b16190>\nlocator = ('id', 'featured')\n\n    def wait_for_element_present(self, *locator):\n        \"\"\"Wait for an element to become present.\"\"\"\n        self.selenium.implicitly_wait(0)\n        try:\n            WebDriverWait(self.selenium, 10).until(lambda s: self._selenium_root.find_element(*locator))\n        except TimeoutException:\n>           Assert.fail(TimeoutException)\n\npages/page.py:92: \n_ _ _ _ _ _ _ _ _ _ _ _ _ _ _ _ _ _ _ _ _ _ _ _ _ _ _ _ _ _ _ _ _ _ _ _ _ _ _ _ \n\nself = <class 'unittestzero.Assert'>\nmsg = <class 'selenium.common.exceptions.TimeoutException'>\n\n    @classmethod\n    def fail(self, msg):\n        \"\"\"\n            Raises an assertion error with a message passed in\n    \n            :Args:\n             - Message that will be printed\n            \"\"\"\n>       raise AssertionError(msg)\nE       AssertionError: <class 'selenium.common.exceptions.TimeoutException'>\n\n.env/lib/python2.7/site-packages/unittestzero.py:125: AssertionError"}, {"jobs": ["marketplace.prod.mobile.saucelabs"], "result": "failure", "detail": "test failure: self = <tests.mobile.test_search.TestSearch instance at 0x10c44b830>\nmozwebqa = <pytest_mozwebqa.pytest_mozwebqa.TestSetup instance at 0x10c44ba70>\n\n    @pytest.mark.nondestructive\n    def test_that_searching_with_empty_field_returns_results(self, mozwebqa):\n        home_page = Home(mozwebqa)\n>       home_page.go_to_homepage()\n\ntests/mobile/test_search.py:21: \n_ _ _ _ _ _ _ _ _ _ _ _ _ _ _ _ _ _ _ _ _ _ _ _ _ _ _ _ _ _ _ _ _ _ _ _ _ _ _ _ \n\nself = <pages.mobile.home.Home object at 0x10c434b10>\n\n    def go_to_homepage(self):\n        self.selenium.get(self.base_url)\n>       self.wait_for_element_present(*self._featured_section_locator)\n\npages/mobile/home.py:30: \n_ _ _ _ _ _ _ _ _ _ _ _ _ _ _ _ _ _ _ _ _ _ _ _ _ _ _ _ _ _ _ _ _ _ _ _ _ _ _ _ \n\nself = <pages.mobile.home.Home object at 0x10c434b10>\nlocator = ('id', 'featured')\n\n    def wait_for_element_present(self, *locator):\n        \"\"\"Wait for an element to become present.\"\"\"\n        self.selenium.implicitly_wait(0)\n        try:\n            WebDriverWait(self.selenium, 10).until(lambda s: self._selenium_root.find_element(*locator))\n        except TimeoutException:\n>           Assert.fail(TimeoutException)\n\npages/page.py:92: \n_ _ _ _ _ _ _ _ _ _ _ _ _ _ _ _ _ _ _ _ _ _ _ _ _ _ _ _ _ _ _ _ _ _ _ _ _ _ _ _ \n\nself = <class 'unittestzero.Assert'>\nmsg = <class 'selenium.common.exceptions.TimeoutException'>\n\n    @classmethod\n    def fail(self, msg):\n        \"\"\"\n            Raises an assertion error with a message passed in\n    \n            :Args:\n             - Message that will be printed\n            \"\"\"\n>       raise AssertionError(msg)\nE       AssertionError: <class 'selenium.common.exceptions.TimeoutException'>\n\n.env/lib/python2.7/site-packages/unittestzero.py:125: AssertionError"}, {"jobs": ["marketplace.stage.mobile.saucelabs"], "result": "failure", "detail": "test failure: self = <tests.mobile.test_search.TestSearch instance at 0x109628a28>\nmozwebqa = <pytest_mozwebqa.pytest_mozwebqa.TestSetup instance at 0x109628ea8>\n\n    @pytest.mark.nondestructive\n    def test_that_searching_with_empty_field_returns_results(self, mozwebqa):\n        home_page = Home(mozwebqa)\n>       home_page.go_to_homepage()\n\ntests/mobile/test_search.py:21: \n_ _ _ _ _ _ _ _ _ _ _ _ _ _ _ _ _ _ _ _ _ _ _ _ _ _ _ _ _ _ _ _ _ _ _ _ _ _ _ _ \n\nself = <pages.mobile.home.Home object at 0x1096106d0>\n\n    def go_to_homepage(self):\n        self.selenium.get(self.base_url)\n>       self.wait_for_element_present(*self._featured_section_locator)\n\npages/mobile/home.py:30: \n_ _ _ _ _ _ _ _ _ _ _ _ _ _ _ _ _ _ _ _ _ _ _ _ _ _ _ _ _ _ _ _ _ _ _ _ _ _ _ _ \n\nself = <pages.mobile.home.Home object at 0x1096106d0>\nlocator = ('id', 'featured')\n\n    def wait_for_element_present(self, *locator):\n        \"\"\"Wait for an element to become present.\"\"\"\n        self.selenium.implicitly_wait(0)\n        try:\n            WebDriverWait(self.selenium, 10).until(lambda s: self._selenium_root.find_element(*locator))\n        except TimeoutException:\n>           Assert.fail(TimeoutException)\n\npages/page.py:92: \n_ _ _ _ _ _ _ _ _ _ _ _ _ _ _ _ _ _ _ _ _ _ _ _ _ _ _ _ _ _ _ _ _ _ _ _ _ _ _ _ \n\nself = <class 'unittestzero.Assert'>\nmsg = <class 'selenium.common.exceptions.TimeoutException'>\n\n    @classmethod\n    def fail(self, msg):\n        \"\"\"\n            Raises an assertion error with a message passed in\n    \n            :Args:\n             - Message that will be printed\n            \"\"\"\n>       raise AssertionError(msg)\nE       AssertionError: <class 'selenium.common.exceptions.TimeoutException'>\n\n.env/lib/python2.7/site-packages/unittestzero.py:125: AssertionError"}], "passed": [], "test_name": "test_that_searching_with_empty_field_returns_results"}, {"skipped": {}, "all_passed": false, "environments": ["dev", "stage"], "path_to_result": "tests.mobile.test_reviews/TestReviews/test_that_checks_the_addition_of_a_review/", "failed": [{"jobs": ["marketplace.dev.mobile.saucelabs"], "result": "failure", "detail": "test failure: self = <tests.mobile.test_reviews.TestReviews instance at 0x109aac320>\nmozwebqa = <pytest_mozwebqa.pytest_mozwebqa.TestSetup instance at 0x109aac4d0>\n\n    def test_that_checks_the_addition_of_a_review(self, mozwebqa):\n        self._reviews_setup(mozwebqa)\n    \n        mock_review = MockReview()\n    \n        home_page = Home(mozwebqa)\n>       home_page.go_to_homepage()\n\ntests/mobile/test_reviews.py:95: \n_ _ _ _ _ _ _ _ _ _ _ _ _ _ _ _ _ _ _ _ _ _ _ _ _ _ _ _ _ _ _ _ _ _ _ _ _ _ _ _ \n\nself = <pages.mobile.home.Home object at 0x109ab5190>\n\n    def go_to_homepage(self):\n        self.selenium.get(self.base_url)\n>       self.wait_for_element_present(*self._featured_section_locator)\n\npages/mobile/home.py:30: \n_ _ _ _ _ _ _ _ _ _ _ _ _ _ _ _ _ _ _ _ _ _ _ _ _ _ _ _ _ _ _ _ _ _ _ _ _ _ _ _ \n\nself = <pages.mobile.home.Home object at 0x109ab5190>\nlocator = ('id', 'featured')\n\n    def wait_for_element_present(self, *locator):\n        \"\"\"Wait for an element to become present.\"\"\"\n        self.selenium.implicitly_wait(0)\n        try:\n            WebDriverWait(self.selenium, 10).until(lambda s: self._selenium_root.find_element(*locator))\n        except TimeoutException:\n>           Assert.fail(TimeoutException)\n\npages/page.py:92: \n_ _ _ _ _ _ _ _ _ _ _ _ _ _ _ _ _ _ _ _ _ _ _ _ _ _ _ _ _ _ _ _ _ _ _ _ _ _ _ _ \n\nself = <class 'unittestzero.Assert'>\nmsg = <class 'selenium.common.exceptions.TimeoutException'>\n\n    @classmethod\n    def fail(self, msg):\n        \"\"\"\n            Raises an assertion error with a message passed in\n    \n            :Args:\n             - Message that will be printed\n            \"\"\"\n>       raise AssertionError(msg)\nE       AssertionError: <class 'selenium.common.exceptions.TimeoutException'>\n\n.env/lib/python2.7/site-packages/unittestzero.py:125: AssertionError"}, {"jobs": ["marketplace.stage.mobile.saucelabs"], "result": "failure", "detail": "test failure: self = <tests.mobile.test_reviews.TestReviews instance at 0x104b385a8>\nmozwebqa = <pytest_mozwebqa.pytest_mozwebqa.TestSetup instance at 0x104b38cf8>\n\n    def test_that_checks_the_addition_of_a_review(self, mozwebqa):\n        self._reviews_setup(mozwebqa)\n    \n        mock_review = MockReview()\n    \n        home_page = Home(mozwebqa)\n>       home_page.go_to_homepage()\n\ntests/mobile/test_reviews.py:95: \n_ _ _ _ _ _ _ _ _ _ _ _ _ _ _ _ _ _ _ _ _ _ _ _ _ _ _ _ _ _ _ _ _ _ _ _ _ _ _ _ \n\nself = <pages.mobile.home.Home object at 0x104b08250>\n\n    def go_to_homepage(self):\n        self.selenium.get(self.base_url)\n>       self.wait_for_element_present(*self._featured_section_locator)\n\npages/mobile/home.py:30: \n_ _ _ _ _ _ _ _ _ _ _ _ _ _ _ _ _ _ _ _ _ _ _ _ _ _ _ _ _ _ _ _ _ _ _ _ _ _ _ _ \n\nself = <pages.mobile.home.Home object at 0x104b08250>\nlocator = ('id', 'featured')\n\n    def wait_for_element_present(self, *locator):\n        \"\"\"Wait for an element to become present.\"\"\"\n        self.selenium.implicitly_wait(0)\n        try:\n            WebDriverWait(self.selenium, 10).until(lambda s: self._selenium_root.find_element(*locator))\n        except TimeoutException:\n>           Assert.fail(TimeoutException)\n\npages/page.py:92: \n_ _ _ _ _ _ _ _ _ _ _ _ _ _ _ _ _ _ _ _ _ _ _ _ _ _ _ _ _ _ _ _ _ _ _ _ _ _ _ _ \n\nself = <class 'unittestzero.Assert'>\nmsg = <class 'selenium.common.exceptions.TimeoutException'>\n\n    @classmethod\n    def fail(self, msg):\n        \"\"\"\n            Raises an assertion error with a message passed in\n    \n            :Args:\n             - Message that will be printed\n            \"\"\"\n>       raise AssertionError(msg)\nE       AssertionError: <class 'selenium.common.exceptions.TimeoutException'>\n\n.env/lib/python2.7/site-packages/unittestzero.py:125: AssertionError"}], "passed": [], "test_name": "test_that_checks_the_addition_of_a_review"}, {"skipped": {}, "all_passed": false, "environments": ["dev", "prod", "stage"], "path_to_result": "tests.mobile.test_users_account/TestAccounts/test_user_can_go_back_from_settings_page/", "failed": [{"jobs": ["marketplace.dev.mobile.saucelabs"], "result": "failure", "detail": "test failure: self = <tests.mobile.test_users_account.TestAccounts instance at 0x10716b7a0>\nmozwebqa = <pytest_mozwebqa.pytest_mozwebqa.TestSetup instance at 0x107166cf8>\n\n    @pytest.mark.nondestructive\n    def test_user_can_go_back_from_settings_page(self, mozwebqa):\n        \"\"\"\n            https://bugzilla.mozilla.org/show_bug.cgi?id=795185#c11\n            \"\"\"\n    \n        home_page = Home(mozwebqa)\n>       home_page.go_to_homepage()\n\ntests/mobile/test_users_account.py:35: \n_ _ _ _ _ _ _ _ _ _ _ _ _ _ _ _ _ _ _ _ _ _ _ _ _ _ _ _ _ _ _ _ _ _ _ _ _ _ _ _ \n\nself = <pages.mobile.home.Home object at 0x10714e390>\n\n    def go_to_homepage(self):\n        self.selenium.get(self.base_url)\n>       self.wait_for_element_present(*self._featured_section_locator)\n\npages/mobile/home.py:30: \n_ _ _ _ _ _ _ _ _ _ _ _ _ _ _ _ _ _ _ _ _ _ _ _ _ _ _ _ _ _ _ _ _ _ _ _ _ _ _ _ \n\nself = <pages.mobile.home.Home object at 0x10714e390>\nlocator = ('id', 'featured')\n\n    def wait_for_element_present(self, *locator):\n        \"\"\"Wait for an element to become present.\"\"\"\n        self.selenium.implicitly_wait(0)\n        try:\n            WebDriverWait(self.selenium, 10).until(lambda s: self._selenium_root.find_element(*locator))\n        except TimeoutException:\n>           Assert.fail(TimeoutException)\n\npages/page.py:92: \n_ _ _ _ _ _ _ _ _ _ _ _ _ _ _ _ _ _ _ _ _ _ _ _ _ _ _ _ _ _ _ _ _ _ _ _ _ _ _ _ \n\nself = <class 'unittestzero.Assert'>\nmsg = <class 'selenium.common.exceptions.TimeoutException'>\n\n    @classmethod\n    def fail(self, msg):\n        \"\"\"\n            Raises an assertion error with a message passed in\n    \n            :Args:\n             - Message that will be printed\n            \"\"\"\n>       raise AssertionError(msg)\nE       AssertionError: <class 'selenium.common.exceptions.TimeoutException'>\n\n.env/lib/python2.7/site-packages/unittestzero.py:125: AssertionError"}, {"jobs": ["marketplace.prod.mobile.saucelabs"], "result": "failure", "detail": "test failure: self = <tests.mobile.test_users_account.TestAccounts instance at 0x10e5e1e60>\nmozwebqa = <pytest_mozwebqa.pytest_mozwebqa.TestSetup instance at 0x10f622050>\n\n    @pytest.mark.nondestructive\n    def test_user_can_go_back_from_settings_page(self, mozwebqa):\n        \"\"\"\n            https://bugzilla.mozilla.org/show_bug.cgi?id=795185#c11\n            \"\"\"\n    \n        home_page = Home(mozwebqa)\n>       home_page.go_to_homepage()\n\ntests/mobile/test_users_account.py:35: \n_ _ _ _ _ _ _ _ _ _ _ _ _ _ _ _ _ _ _ _ _ _ _ _ _ _ _ _ _ _ _ _ _ _ _ _ _ _ _ _ \n\nself = <pages.mobile.home.Home object at 0x10e5ca2d0>\n\n    def go_to_homepage(self):\n        self.selenium.get(self.base_url)\n>       self.wait_for_element_present(*self._featured_section_locator)\n\npages/mobile/home.py:30: \n_ _ _ _ _ _ _ _ _ _ _ _ _ _ _ _ _ _ _ _ _ _ _ _ _ _ _ _ _ _ _ _ _ _ _ _ _ _ _ _ \n\nself = <pages.mobile.home.Home object at 0x10e5ca2d0>\nlocator = ('id', 'featured')\n\n    def wait_for_element_present(self, *locator):\n        \"\"\"Wait for an element to become present.\"\"\"\n        self.selenium.implicitly_wait(0)\n        try:\n            WebDriverWait(self.selenium, 10).until(lambda s: self._selenium_root.find_element(*locator))\n        except TimeoutException:\n>           Assert.fail(TimeoutException)\n\npages/page.py:92: \n_ _ _ _ _ _ _ _ _ _ _ _ _ _ _ _ _ _ _ _ _ _ _ _ _ _ _ _ _ _ _ _ _ _ _ _ _ _ _ _ \n\nself = <class 'unittestzero.Assert'>\nmsg = <class 'selenium.common.exceptions.TimeoutException'>\n\n    @classmethod\n    def fail(self, msg):\n        \"\"\"\n            Raises an assertion error with a message passed in\n    \n            :Args:\n             - Message that will be printed\n            \"\"\"\n>       raise AssertionError(msg)\nE       AssertionError: <class 'selenium.common.exceptions.TimeoutException'>\n\n.env/lib/python2.7/site-packages/unittestzero.py:125: AssertionError"}, {"jobs": ["marketplace.stage.mobile.saucelabs"], "result": "failure", "detail": "test failure: self = <tests.mobile.test_users_account.TestAccounts instance at 0x102328a28>\nmozwebqa = <pytest_mozwebqa.pytest_mozwebqa.TestSetup instance at 0x102328bd8>\n\n    @pytest.mark.nondestructive\n    def test_user_can_go_back_from_settings_page(self, mozwebqa):\n        \"\"\"\n            https://bugzilla.mozilla.org/show_bug.cgi?id=795185#c11\n            \"\"\"\n    \n        home_page = Home(mozwebqa)\n>       home_page.go_to_homepage()\n\ntests/mobile/test_users_account.py:35: \n_ _ _ _ _ _ _ _ _ _ _ _ _ _ _ _ _ _ _ _ _ _ _ _ _ _ _ _ _ _ _ _ _ _ _ _ _ _ _ _ \n\nself = <pages.mobile.home.Home object at 0x102326650>\n\n    def go_to_homepage(self):\n        self.selenium.get(self.base_url)\n>       self.wait_for_element_present(*self._featured_section_locator)\n\npages/mobile/home.py:30: \n_ _ _ _ _ _ _ _ _ _ _ _ _ _ _ _ _ _ _ _ _ _ _ _ _ _ _ _ _ _ _ _ _ _ _ _ _ _ _ _ \n\nself = <pages.mobile.home.Home object at 0x102326650>\nlocator = ('id', 'featured')\n\n    def wait_for_element_present(self, *locator):\n        \"\"\"Wait for an element to become present.\"\"\"\n        self.selenium.implicitly_wait(0)\n        try:\n            WebDriverWait(self.selenium, 10).until(lambda s: self._selenium_root.find_element(*locator))\n        except TimeoutException:\n>           Assert.fail(TimeoutException)\n\npages/page.py:92: \n_ _ _ _ _ _ _ _ _ _ _ _ _ _ _ _ _ _ _ _ _ _ _ _ _ _ _ _ _ _ _ _ _ _ _ _ _ _ _ _ \n\nself = <class 'unittestzero.Assert'>\nmsg = <class 'selenium.common.exceptions.TimeoutException'>\n\n    @classmethod\n    def fail(self, msg):\n        \"\"\"\n            Raises an assertion error with a message passed in\n    \n            :Args:\n             - Message that will be printed\n            \"\"\"\n>       raise AssertionError(msg)\nE       AssertionError: <class 'selenium.common.exceptions.TimeoutException'>\n\n.env/lib/python2.7/site-packages/unittestzero.py:125: AssertionError"}], "passed": [], "test_name": "test_user_can_go_back_from_settings_page"}, {"skipped": {}, "all_passed": false, "environments": ["dev", "prod", "stage"], "path_to_result": "tests.mobile.test_home_page/TestHomepage/test_that_verifies_categories_section/", "failed": [{"jobs": ["marketplace.dev.mobile.saucelabs"], "result": "failure", "detail": "test failure: self = <tests.mobile.test_home_page.TestHomepage instance at 0x1027ad200>\nmozwebqa = <pytest_mozwebqa.pytest_mozwebqa.TestSetup instance at 0x1027ad998>\n\n    @pytest.mark.nondestructive\n    def test_that_verifies_categories_section(self, mozwebqa):\n    \n        home_page = Home(mozwebqa)\n>       home_page.go_to_homepage()\n\ntests/mobile/test_home_page.py:19: \n_ _ _ _ _ _ _ _ _ _ _ _ _ _ _ _ _ _ _ _ _ _ _ _ _ _ _ _ _ _ _ _ _ _ _ _ _ _ _ _ \n\nself = <pages.mobile.home.Home object at 0x10279bc10>\n\n    def go_to_homepage(self):\n        self.selenium.get(self.base_url)\n>       self.wait_for_element_present(*self._featured_section_locator)\n\npages/mobile/home.py:30: \n_ _ _ _ _ _ _ _ _ _ _ _ _ _ _ _ _ _ _ _ _ _ _ _ _ _ _ _ _ _ _ _ _ _ _ _ _ _ _ _ \n\nself = <pages.mobile.home.Home object at 0x10279bc10>\nlocator = ('id', 'featured')\n\n    def wait_for_element_present(self, *locator):\n        \"\"\"Wait for an element to become present.\"\"\"\n        self.selenium.implicitly_wait(0)\n        try:\n            WebDriverWait(self.selenium, 10).until(lambda s: self._selenium_root.find_element(*locator))\n        except TimeoutException:\n>           Assert.fail(TimeoutException)\n\npages/page.py:92: \n_ _ _ _ _ _ _ _ _ _ _ _ _ _ _ _ _ _ _ _ _ _ _ _ _ _ _ _ _ _ _ _ _ _ _ _ _ _ _ _ \n\nself = <class 'unittestzero.Assert'>\nmsg = <class 'selenium.common.exceptions.TimeoutException'>\n\n    @classmethod\n    def fail(self, msg):\n        \"\"\"\n            Raises an assertion error with a message passed in\n    \n            :Args:\n             - Message that will be printed\n            \"\"\"\n>       raise AssertionError(msg)\nE       AssertionError: <class 'selenium.common.exceptions.TimeoutException'>\n\n.env/lib/python2.7/site-packages/unittestzero.py:125: AssertionError"}, {"jobs": ["marketplace.prod.mobile.saucelabs"], "result": "failure", "detail": "test failure: self = <tests.mobile.test_home_page.TestHomepage instance at 0x10be0a950>\nmozwebqa = <pytest_mozwebqa.pytest_mozwebqa.TestSetup instance at 0x10bed1518>\n\n    @pytest.mark.nondestructive\n    def test_that_verifies_categories_section(self, mozwebqa):\n    \n        home_page = Home(mozwebqa)\n>       home_page.go_to_homepage()\n\ntests/mobile/test_home_page.py:19: \n_ _ _ _ _ _ _ _ _ _ _ _ _ _ _ _ _ _ _ _ _ _ _ _ _ _ _ _ _ _ _ _ _ _ _ _ _ _ _ _ \n\nself = <pages.mobile.home.Home object at 0x10bea9d90>\n\n    def go_to_homepage(self):\n        self.selenium.get(self.base_url)\n>       self.wait_for_element_present(*self._featured_section_locator)\n\npages/mobile/home.py:30: \n_ _ _ _ _ _ _ _ _ _ _ _ _ _ _ _ _ _ _ _ _ _ _ _ _ _ _ _ _ _ _ _ _ _ _ _ _ _ _ _ \n\nself = <pages.mobile.home.Home object at 0x10bea9d90>\nlocator = ('id', 'featured')\n\n    def wait_for_element_present(self, *locator):\n        \"\"\"Wait for an element to become present.\"\"\"\n        self.selenium.implicitly_wait(0)\n        try:\n            WebDriverWait(self.selenium, 10).until(lambda s: self._selenium_root.find_element(*locator))\n        except TimeoutException:\n>           Assert.fail(TimeoutException)\n\npages/page.py:92: \n_ _ _ _ _ _ _ _ _ _ _ _ _ _ _ _ _ _ _ _ _ _ _ _ _ _ _ _ _ _ _ _ _ _ _ _ _ _ _ _ \n\nself = <class 'unittestzero.Assert'>\nmsg = <class 'selenium.common.exceptions.TimeoutException'>\n\n    @classmethod\n    def fail(self, msg):\n        \"\"\"\n            Raises an assertion error with a message passed in\n    \n            :Args:\n             - Message that will be printed\n            \"\"\"\n>       raise AssertionError(msg)\nE       AssertionError: <class 'selenium.common.exceptions.TimeoutException'>\n\n.env/lib/python2.7/site-packages/unittestzero.py:125: AssertionError"}, {"jobs": ["marketplace.stage.mobile.saucelabs"], "result": "failure", "detail": "test failure: self = <tests.mobile.test_home_page.TestHomepage instance at 0x10c0603f8>\nmozwebqa = <pytest_mozwebqa.pytest_mozwebqa.TestSetup instance at 0x10c0352d8>\n\n    @pytest.mark.nondestructive\n    def test_that_verifies_categories_section(self, mozwebqa):\n    \n        home_page = Home(mozwebqa)\n>       home_page.go_to_homepage()\n\ntests/mobile/test_home_page.py:19: \n_ _ _ _ _ _ _ _ _ _ _ _ _ _ _ _ _ _ _ _ _ _ _ _ _ _ _ _ _ _ _ _ _ _ _ _ _ _ _ _ \n\nself = <pages.mobile.home.Home object at 0x10c034610>\n\n    def go_to_homepage(self):\n        self.selenium.get(self.base_url)\n>       self.wait_for_element_present(*self._featured_section_locator)\n\npages/mobile/home.py:30: \n_ _ _ _ _ _ _ _ _ _ _ _ _ _ _ _ _ _ _ _ _ _ _ _ _ _ _ _ _ _ _ _ _ _ _ _ _ _ _ _ \n\nself = <pages.mobile.home.Home object at 0x10c034610>\nlocator = ('id', 'featured')\n\n    def wait_for_element_present(self, *locator):\n        \"\"\"Wait for an element to become present.\"\"\"\n        self.selenium.implicitly_wait(0)\n        try:\n            WebDriverWait(self.selenium, 10).until(lambda s: self._selenium_root.find_element(*locator))\n        except TimeoutException:\n>           Assert.fail(TimeoutException)\n\npages/page.py:92: \n_ _ _ _ _ _ _ _ _ _ _ _ _ _ _ _ _ _ _ _ _ _ _ _ _ _ _ _ _ _ _ _ _ _ _ _ _ _ _ _ \n\nself = <class 'unittestzero.Assert'>\nmsg = <class 'selenium.common.exceptions.TimeoutException'>\n\n    @classmethod\n    def fail(self, msg):\n        \"\"\"\n            Raises an assertion error with a message passed in\n    \n            :Args:\n             - Message that will be printed\n            \"\"\"\n>       raise AssertionError(msg)\nE       AssertionError: <class 'selenium.common.exceptions.TimeoutException'>\n\n.env/lib/python2.7/site-packages/unittestzero.py:125: AssertionError"}], "passed": [], "test_name": "test_that_verifies_categories_section"}, {"skipped": {}, "all_passed": false, "environments": ["dev", "prod", "stage"], "path_to_result": "tests.mobile.test_search/TestSearch/test_that_searching_returns_results/", "failed": [{"jobs": ["marketplace.dev.mobile.saucelabs"], "result": "failure", "detail": "test failure: self = <tests.mobile.test_search.TestSearch instance at 0x10250aa70>\nmozwebqa = <pytest_mozwebqa.pytest_mozwebqa.TestSetup instance at 0x10250a5a8>\n\n    @pytest.mark.nondestructive\n    def test_that_searching_returns_results(self, mozwebqa):\n        home_page = Home(mozwebqa)\n>       home_page.go_to_homepage()\n\ntests/mobile/test_search.py:30: \n_ _ _ _ _ _ _ _ _ _ _ _ _ _ _ _ _ _ _ _ _ _ _ _ _ _ _ _ _ _ _ _ _ _ _ _ _ _ _ _ \n\nself = <pages.mobile.home.Home object at 0x102522510>\n\n    def go_to_homepage(self):\n        self.selenium.get(self.base_url)\n>       self.wait_for_element_present(*self._featured_section_locator)\n\npages/mobile/home.py:30: \n_ _ _ _ _ _ _ _ _ _ _ _ _ _ _ _ _ _ _ _ _ _ _ _ _ _ _ _ _ _ _ _ _ _ _ _ _ _ _ _ \n\nself = <pages.mobile.home.Home object at 0x102522510>\nlocator = ('id', 'featured')\n\n    def wait_for_element_present(self, *locator):\n        \"\"\"Wait for an element to become present.\"\"\"\n        self.selenium.implicitly_wait(0)\n        try:\n            WebDriverWait(self.selenium, 10).until(lambda s: self._selenium_root.find_element(*locator))\n        except TimeoutException:\n>           Assert.fail(TimeoutException)\n\npages/page.py:92: \n_ _ _ _ _ _ _ _ _ _ _ _ _ _ _ _ _ _ _ _ _ _ _ _ _ _ _ _ _ _ _ _ _ _ _ _ _ _ _ _ \n\nself = <class 'unittestzero.Assert'>\nmsg = <class 'selenium.common.exceptions.TimeoutException'>\n\n    @classmethod\n    def fail(self, msg):\n        \"\"\"\n            Raises an assertion error with a message passed in\n    \n            :Args:\n             - Message that will be printed\n            \"\"\"\n>       raise AssertionError(msg)\nE       AssertionError: <class 'selenium.common.exceptions.TimeoutException'>\n\n.env/lib/python2.7/site-packages/unittestzero.py:125: AssertionError"}, {"jobs": ["marketplace.prod.mobile.saucelabs"], "result": "failure", "detail": "test failure: self = <tests.mobile.test_search.TestSearch instance at 0x106345f38>\nmozwebqa = <pytest_mozwebqa.pytest_mozwebqa.TestSetup instance at 0x106345bd8>\n\n    @pytest.mark.nondestructive\n    def test_that_searching_returns_results(self, mozwebqa):\n        home_page = Home(mozwebqa)\n>       home_page.go_to_homepage()\n\ntests/mobile/test_search.py:30: \n_ _ _ _ _ _ _ _ _ _ _ _ _ _ _ _ _ _ _ _ _ _ _ _ _ _ _ _ _ _ _ _ _ _ _ _ _ _ _ _ \n\nself = <pages.mobile.home.Home object at 0x10630da10>\n\n    def go_to_homepage(self):\n        self.selenium.get(self.base_url)\n>       self.wait_for_element_present(*self._featured_section_locator)\n\npages/mobile/home.py:30: \n_ _ _ _ _ _ _ _ _ _ _ _ _ _ _ _ _ _ _ _ _ _ _ _ _ _ _ _ _ _ _ _ _ _ _ _ _ _ _ _ \n\nself = <pages.mobile.home.Home object at 0x10630da10>\nlocator = ('id', 'featured')\n\n    def wait_for_element_present(self, *locator):\n        \"\"\"Wait for an element to become present.\"\"\"\n        self.selenium.implicitly_wait(0)\n        try:\n            WebDriverWait(self.selenium, 10).until(lambda s: self._selenium_root.find_element(*locator))\n        except TimeoutException:\n>           Assert.fail(TimeoutException)\n\npages/page.py:92: \n_ _ _ _ _ _ _ _ _ _ _ _ _ _ _ _ _ _ _ _ _ _ _ _ _ _ _ _ _ _ _ _ _ _ _ _ _ _ _ _ \n\nself = <class 'unittestzero.Assert'>\nmsg = <class 'selenium.common.exceptions.TimeoutException'>\n\n    @classmethod\n    def fail(self, msg):\n        \"\"\"\n            Raises an assertion error with a message passed in\n    \n            :Args:\n             - Message that will be printed\n            \"\"\"\n>       raise AssertionError(msg)\nE       AssertionError: <class 'selenium.common.exceptions.TimeoutException'>\n\n.env/lib/python2.7/site-packages/unittestzero.py:125: AssertionError"}, {"jobs": ["marketplace.stage.mobile.saucelabs"], "result": "failure", "detail": "test failure: self = <tests.mobile.test_search.TestSearch instance at 0x103d46b48>\nmozwebqa = <pytest_mozwebqa.pytest_mozwebqa.TestSetup instance at 0x103d46c68>\n\n    @pytest.mark.nondestructive\n    def test_that_searching_returns_results(self, mozwebqa):\n        home_page = Home(mozwebqa)\n>       home_page.go_to_homepage()\n\ntests/mobile/test_search.py:30: \n_ _ _ _ _ _ _ _ _ _ _ _ _ _ _ _ _ _ _ _ _ _ _ _ _ _ _ _ _ _ _ _ _ _ _ _ _ _ _ _ \n\nself = <pages.mobile.home.Home object at 0x103d04850>\n\n    def go_to_homepage(self):\n        self.selenium.get(self.base_url)\n>       self.wait_for_element_present(*self._featured_section_locator)\n\npages/mobile/home.py:30: \n_ _ _ _ _ _ _ _ _ _ _ _ _ _ _ _ _ _ _ _ _ _ _ _ _ _ _ _ _ _ _ _ _ _ _ _ _ _ _ _ \n\nself = <pages.mobile.home.Home object at 0x103d04850>\nlocator = ('id', 'featured')\n\n    def wait_for_element_present(self, *locator):\n        \"\"\"Wait for an element to become present.\"\"\"\n        self.selenium.implicitly_wait(0)\n        try:\n            WebDriverWait(self.selenium, 10).until(lambda s: self._selenium_root.find_element(*locator))\n        except TimeoutException:\n>           Assert.fail(TimeoutException)\n\npages/page.py:92: \n_ _ _ _ _ _ _ _ _ _ _ _ _ _ _ _ _ _ _ _ _ _ _ _ _ _ _ _ _ _ _ _ _ _ _ _ _ _ _ _ \n\nself = <class 'unittestzero.Assert'>\nmsg = <class 'selenium.common.exceptions.TimeoutException'>\n\n    @classmethod\n    def fail(self, msg):\n        \"\"\"\n            Raises an assertion error with a message passed in\n    \n            :Args:\n             - Message that will be printed\n            \"\"\"\n>       raise AssertionError(msg)\nE       AssertionError: <class 'selenium.common.exceptions.TimeoutException'>\n\n.env/lib/python2.7/site-packages/unittestzero.py:125: AssertionError"}], "passed": [], "test_name": "test_that_searching_returns_results"}, {"skipped": {}, "all_passed": false, "environments": ["dev", "prod", "stage"], "path_to_result": "tests.mobile.test_details_page/TestDetails/test_details_page_for_an_app/", "failed": [{"jobs": ["marketplace.dev.mobile.saucelabs"], "result": "failure", "detail": "test failure: self = <tests.mobile.test_details_page.TestDetails instance at 0x111235518>\nmozwebqa = <pytest_mozwebqa.pytest_mozwebqa.TestSetup instance at 0x111235878>\n\n    @pytest.mark.nondestructive\n    def test_details_page_for_an_app(self, mozwebqa):\n        \"\"\"https://moztrap.mozilla.org/runtests/run/243/env/112/ - Verify details page for an app\"\"\"\n        home_page = Home(mozwebqa)\n>       home_page.go_to_homepage()\n\ntests/mobile/test_details_page.py:21: \n_ _ _ _ _ _ _ _ _ _ _ _ _ _ _ _ _ _ _ _ _ _ _ _ _ _ _ _ _ _ _ _ _ _ _ _ _ _ _ _ \n\nself = <pages.mobile.home.Home object at 0x11122b390>\n\n    def go_to_homepage(self):\n        self.selenium.get(self.base_url)\n>       self.wait_for_element_present(*self._featured_section_locator)\n\npages/mobile/home.py:30: \n_ _ _ _ _ _ _ _ _ _ _ _ _ _ _ _ _ _ _ _ _ _ _ _ _ _ _ _ _ _ _ _ _ _ _ _ _ _ _ _ \n\nself = <pages.mobile.home.Home object at 0x11122b390>\nlocator = ('id', 'featured')\n\n    def wait_for_element_present(self, *locator):\n        \"\"\"Wait for an element to become present.\"\"\"\n        self.selenium.implicitly_wait(0)\n        try:\n            WebDriverWait(self.selenium, 10).until(lambda s: self._selenium_root.find_element(*locator))\n        except TimeoutException:\n>           Assert.fail(TimeoutException)\n\npages/page.py:92: \n_ _ _ _ _ _ _ _ _ _ _ _ _ _ _ _ _ _ _ _ _ _ _ _ _ _ _ _ _ _ _ _ _ _ _ _ _ _ _ _ \n\nself = <class 'unittestzero.Assert'>\nmsg = <class 'selenium.common.exceptions.TimeoutException'>\n\n    @classmethod\n    def fail(self, msg):\n        \"\"\"\n            Raises an assertion error with a message passed in\n    \n            :Args:\n             - Message that will be printed\n            \"\"\"\n>       raise AssertionError(msg)\nE       AssertionError: <class 'selenium.common.exceptions.TimeoutException'>\n\n.env/lib/python2.7/site-packages/unittestzero.py:125: AssertionError"}, {"jobs": ["marketplace.prod.mobile.saucelabs"], "result": "failure", "detail": "test failure: self = <tests.mobile.test_details_page.TestDetails instance at 0x10785fb48>\nmozwebqa = <pytest_mozwebqa.pytest_mozwebqa.TestSetup instance at 0x10785f128>\n\n    @pytest.mark.nondestructive\n    def test_details_page_for_an_app(self, mozwebqa):\n        \"\"\"https://moztrap.mozilla.org/runtests/run/243/env/112/ - Verify details page for an app\"\"\"\n        home_page = Home(mozwebqa)\n>       home_page.go_to_homepage()\n\ntests/mobile/test_details_page.py:21: \n_ _ _ _ _ _ _ _ _ _ _ _ _ _ _ _ _ _ _ _ _ _ _ _ _ _ _ _ _ _ _ _ _ _ _ _ _ _ _ _ \n\nself = <pages.mobile.home.Home object at 0x10781d890>\n\n    def go_to_homepage(self):\n        self.selenium.get(self.base_url)\n>       self.wait_for_element_present(*self._featured_section_locator)\n\npages/mobile/home.py:30: \n_ _ _ _ _ _ _ _ _ _ _ _ _ _ _ _ _ _ _ _ _ _ _ _ _ _ _ _ _ _ _ _ _ _ _ _ _ _ _ _ \n\nself = <pages.mobile.home.Home object at 0x10781d890>\nlocator = ('id', 'featured')\n\n    def wait_for_element_present(self, *locator):\n        \"\"\"Wait for an element to become present.\"\"\"\n        self.selenium.implicitly_wait(0)\n        try:\n            WebDriverWait(self.selenium, 10).until(lambda s: self._selenium_root.find_element(*locator))\n        except TimeoutException:\n>           Assert.fail(TimeoutException)\n\npages/page.py:92: \n_ _ _ _ _ _ _ _ _ _ _ _ _ _ _ _ _ _ _ _ _ _ _ _ _ _ _ _ _ _ _ _ _ _ _ _ _ _ _ _ \n\nself = <class 'unittestzero.Assert'>\nmsg = <class 'selenium.common.exceptions.TimeoutException'>\n\n    @classmethod\n    def fail(self, msg):\n        \"\"\"\n            Raises an assertion error with a message passed in\n    \n            :Args:\n             - Message that will be printed\n            \"\"\"\n>       raise AssertionError(msg)\nE       AssertionError: <class 'selenium.common.exceptions.TimeoutException'>\n\n.env/lib/python2.7/site-packages/unittestzero.py:125: AssertionError"}, {"jobs": ["marketplace.stage.mobile.saucelabs"], "result": "failure", "detail": "test failure: self = <tests.mobile.test_details_page.TestDetails instance at 0x10f648f38>\nmozwebqa = <pytest_mozwebqa.pytest_mozwebqa.TestSetup instance at 0x10f6483f8>\n\n    @pytest.mark.nondestructive\n    def test_details_page_for_an_app(self, mozwebqa):\n        \"\"\"https://moztrap.mozilla.org/runtests/run/243/env/112/ - Verify details page for an app\"\"\"\n        home_page = Home(mozwebqa)\n>       home_page.go_to_homepage()\n\ntests/mobile/test_details_page.py:21: \n_ _ _ _ _ _ _ _ _ _ _ _ _ _ _ _ _ _ _ _ _ _ _ _ _ _ _ _ _ _ _ _ _ _ _ _ _ _ _ _ \n\nself = <pages.mobile.home.Home object at 0x10f6280d0>\n\n    def go_to_homepage(self):\n        self.selenium.get(self.base_url)\n>       self.wait_for_element_present(*self._featured_section_locator)\n\npages/mobile/home.py:30: \n_ _ _ _ _ _ _ _ _ _ _ _ _ _ _ _ _ _ _ _ _ _ _ _ _ _ _ _ _ _ _ _ _ _ _ _ _ _ _ _ \n\nself = <pages.mobile.home.Home object at 0x10f6280d0>\nlocator = ('id', 'featured')\n\n    def wait_for_element_present(self, *locator):\n        \"\"\"Wait for an element to become present.\"\"\"\n        self.selenium.implicitly_wait(0)\n        try:\n            WebDriverWait(self.selenium, 10).until(lambda s: self._selenium_root.find_element(*locator))\n        except TimeoutException:\n>           Assert.fail(TimeoutException)\n\npages/page.py:92: \n_ _ _ _ _ _ _ _ _ _ _ _ _ _ _ _ _ _ _ _ _ _ _ _ _ _ _ _ _ _ _ _ _ _ _ _ _ _ _ _ \n\nself = <class 'unittestzero.Assert'>\nmsg = <class 'selenium.common.exceptions.TimeoutException'>\n\n    @classmethod\n    def fail(self, msg):\n        \"\"\"\n            Raises an assertion error with a message passed in\n    \n            :Args:\n             - Message that will be printed\n            \"\"\"\n>       raise AssertionError(msg)\nE       AssertionError: <class 'selenium.common.exceptions.TimeoutException'>\n\n.env/lib/python2.7/site-packages/unittestzero.py:125: AssertionError"}], "passed": [], "test_name": "test_details_page_for_an_app"}, {"skipped": {}, "all_passed": false, "environments": ["dev", "prod", "stage"], "path_to_result": "tests.mobile.test_users_account/TestAccounts/test_user_can_login_and_logout/", "failed": [{"jobs": ["marketplace.dev.mobile.saucelabs"], "result": "failure", "detail": "test failure: self = <tests.mobile.test_users_account.TestAccounts instance at 0x10e6f2c20>\nmozwebqa = <pytest_mozwebqa.pytest_mozwebqa.TestSetup instance at 0x10e6f2f38>\n\n    @pytest.mark.nondestructive\n    def test_user_can_login_and_logout(self, mozwebqa):\n        home_page = Home(mozwebqa)\n>       home_page.go_to_homepage()\n\ntests/mobile/test_users_account.py:18: \n_ _ _ _ _ _ _ _ _ _ _ _ _ _ _ _ _ _ _ _ _ _ _ _ _ _ _ _ _ _ _ _ _ _ _ _ _ _ _ _ \n\nself = <pages.mobile.home.Home object at 0x10e6f7390>\n\n    def go_to_homepage(self):\n        self.selenium.get(self.base_url)\n>       self.wait_for_element_present(*self._featured_section_locator)\n\npages/mobile/home.py:30: \n_ _ _ _ _ _ _ _ _ _ _ _ _ _ _ _ _ _ _ _ _ _ _ _ _ _ _ _ _ _ _ _ _ _ _ _ _ _ _ _ \n\nself = <pages.mobile.home.Home object at 0x10e6f7390>\nlocator = ('id', 'featured')\n\n    def wait_for_element_present(self, *locator):\n        \"\"\"Wait for an element to become present.\"\"\"\n        self.selenium.implicitly_wait(0)\n        try:\n            WebDriverWait(self.selenium, 10).until(lambda s: self._selenium_root.find_element(*locator))\n        except TimeoutException:\n>           Assert.fail(TimeoutException)\n\npages/page.py:92: \n_ _ _ _ _ _ _ _ _ _ _ _ _ _ _ _ _ _ _ _ _ _ _ _ _ _ _ _ _ _ _ _ _ _ _ _ _ _ _ _ \n\nself = <class 'unittestzero.Assert'>\nmsg = <class 'selenium.common.exceptions.TimeoutException'>\n\n    @classmethod\n    def fail(self, msg):\n        \"\"\"\n            Raises an assertion error with a message passed in\n    \n            :Args:\n             - Message that will be printed\n            \"\"\"\n>       raise AssertionError(msg)\nE       AssertionError: <class 'selenium.common.exceptions.TimeoutException'>\n\n.env/lib/python2.7/site-packages/unittestzero.py:125: AssertionError"}, {"jobs": ["marketplace.prod.mobile.saucelabs"], "result": "failure", "detail": "test failure: self = <tests.mobile.test_users_account.TestAccounts instance at 0x109fc0fc8>\nmozwebqa = <pytest_mozwebqa.pytest_mozwebqa.TestSetup instance at 0x109fc0b90>\n\n    @pytest.mark.nondestructive\n    def test_user_can_login_and_logout(self, mozwebqa):\n        home_page = Home(mozwebqa)\n>       home_page.go_to_homepage()\n\ntests/mobile/test_users_account.py:18: \n_ _ _ _ _ _ _ _ _ _ _ _ _ _ _ _ _ _ _ _ _ _ _ _ _ _ _ _ _ _ _ _ _ _ _ _ _ _ _ _ \n\nself = <pages.mobile.home.Home object at 0x109f6bc90>\n\n    def go_to_homepage(self):\n        self.selenium.get(self.base_url)\n>       self.wait_for_element_present(*self._featured_section_locator)\n\npages/mobile/home.py:30: \n_ _ _ _ _ _ _ _ _ _ _ _ _ _ _ _ _ _ _ _ _ _ _ _ _ _ _ _ _ _ _ _ _ _ _ _ _ _ _ _ \n\nself = <pages.mobile.home.Home object at 0x109f6bc90>\nlocator = ('id', 'featured')\n\n    def wait_for_element_present(self, *locator):\n        \"\"\"Wait for an element to become present.\"\"\"\n        self.selenium.implicitly_wait(0)\n        try:\n            WebDriverWait(self.selenium, 10).until(lambda s: self._selenium_root.find_element(*locator))\n        except TimeoutException:\n>           Assert.fail(TimeoutException)\n\npages/page.py:92: \n_ _ _ _ _ _ _ _ _ _ _ _ _ _ _ _ _ _ _ _ _ _ _ _ _ _ _ _ _ _ _ _ _ _ _ _ _ _ _ _ \n\nself = <class 'unittestzero.Assert'>\nmsg = <class 'selenium.common.exceptions.TimeoutException'>\n\n    @classmethod\n    def fail(self, msg):\n        \"\"\"\n            Raises an assertion error with a message passed in\n    \n            :Args:\n             - Message that will be printed\n            \"\"\"\n>       raise AssertionError(msg)\nE       AssertionError: <class 'selenium.common.exceptions.TimeoutException'>\n\n.env/lib/python2.7/site-packages/unittestzero.py:125: AssertionError"}, {"jobs": ["marketplace.stage.mobile.saucelabs"], "result": "failure", "detail": "test failure: self = <tests.mobile.test_users_account.TestAccounts instance at 0x105bbaf38>\nmozwebqa = <pytest_mozwebqa.pytest_mozwebqa.TestSetup instance at 0x105bba050>\n\n    @pytest.mark.nondestructive\n    def test_user_can_login_and_logout(self, mozwebqa):\n        home_page = Home(mozwebqa)\n>       home_page.go_to_homepage()\n\ntests/mobile/test_users_account.py:18: \n_ _ _ _ _ _ _ _ _ _ _ _ _ _ _ _ _ _ _ _ _ _ _ _ _ _ _ _ _ _ _ _ _ _ _ _ _ _ _ _ \n\nself = <pages.mobile.home.Home object at 0x105b49ad0>\n\n    def go_to_homepage(self):\n        self.selenium.get(self.base_url)\n>       self.wait_for_element_present(*self._featured_section_locator)\n\npages/mobile/home.py:30: \n_ _ _ _ _ _ _ _ _ _ _ _ _ _ _ _ _ _ _ _ _ _ _ _ _ _ _ _ _ _ _ _ _ _ _ _ _ _ _ _ \n\nself = <pages.mobile.home.Home object at 0x105b49ad0>\nlocator = ('id', 'featured')\n\n    def wait_for_element_present(self, *locator):\n        \"\"\"Wait for an element to become present.\"\"\"\n        self.selenium.implicitly_wait(0)\n        try:\n            WebDriverWait(self.selenium, 10).until(lambda s: self._selenium_root.find_element(*locator))\n        except TimeoutException:\n>           Assert.fail(TimeoutException)\n\npages/page.py:92: \n_ _ _ _ _ _ _ _ _ _ _ _ _ _ _ _ _ _ _ _ _ _ _ _ _ _ _ _ _ _ _ _ _ _ _ _ _ _ _ _ \n\nself = <class 'unittestzero.Assert'>\nmsg = <class 'selenium.common.exceptions.TimeoutException'>\n\n    @classmethod\n    def fail(self, msg):\n        \"\"\"\n            Raises an assertion error with a message passed in\n    \n            :Args:\n             - Message that will be printed\n            \"\"\"\n>       raise AssertionError(msg)\nE       AssertionError: <class 'selenium.common.exceptions.TimeoutException'>\n\n.env/lib/python2.7/site-packages/unittestzero.py:125: AssertionError"}], "passed": [], "test_name": "test_user_can_login_and_logout"}, {"skipped": {}, "all_passed": false, "environments": ["dev", "stage"], "path_to_result": "tests.mobile.test_reviews/TestReviews/test_that_after_writing_a_review_clicking_back_goes_to_app_page/", "failed": [{"jobs": ["marketplace.dev.mobile.saucelabs"], "result": "failure", "detail": "test failure: self = <tests.mobile.test_reviews.TestReviews instance at 0x10b4d2488>\nmozwebqa = <pytest_mozwebqa.pytest_mozwebqa.TestSetup instance at 0x10b4d2cf8>\n\n    def test_that_after_writing_a_review_clicking_back_goes_to_app_page(self, mozwebqa):\n        \"\"\"Logged out, click \"Write a Review\" on an app page, sign in, submit a review,\n            click Back, test that the current page is the app page.\n            \"\"\"\n        self._reviews_setup(mozwebqa)\n    \n        mock_review = MockReview()\n    \n        home_page = Home(mozwebqa)\n>       home_page.go_to_homepage()\n\ntests/mobile/test_reviews.py:32: \n_ _ _ _ _ _ _ _ _ _ _ _ _ _ _ _ _ _ _ _ _ _ _ _ _ _ _ _ _ _ _ _ _ _ _ _ _ _ _ _ \n\nself = <pages.mobile.home.Home object at 0x10b478d50>\n\n    def go_to_homepage(self):\n        self.selenium.get(self.base_url)\n>       self.wait_for_element_present(*self._featured_section_locator)\n\npages/mobile/home.py:30: \n_ _ _ _ _ _ _ _ _ _ _ _ _ _ _ _ _ _ _ _ _ _ _ _ _ _ _ _ _ _ _ _ _ _ _ _ _ _ _ _ \n\nself = <pages.mobile.home.Home object at 0x10b478d50>\nlocator = ('id', 'featured')\n\n    def wait_for_element_present(self, *locator):\n        \"\"\"Wait for an element to become present.\"\"\"\n        self.selenium.implicitly_wait(0)\n        try:\n            WebDriverWait(self.selenium, 10).until(lambda s: self._selenium_root.find_element(*locator))\n        except TimeoutException:\n>           Assert.fail(TimeoutException)\n\npages/page.py:92: \n_ _ _ _ _ _ _ _ _ _ _ _ _ _ _ _ _ _ _ _ _ _ _ _ _ _ _ _ _ _ _ _ _ _ _ _ _ _ _ _ \n\nself = <class 'unittestzero.Assert'>\nmsg = <class 'selenium.common.exceptions.TimeoutException'>\n\n    @classmethod\n    def fail(self, msg):\n        \"\"\"\n            Raises an assertion error with a message passed in\n    \n            :Args:\n             - Message that will be printed\n            \"\"\"\n>       raise AssertionError(msg)\nE       AssertionError: <class 'selenium.common.exceptions.TimeoutException'>\n\n.env/lib/python2.7/site-packages/unittestzero.py:125: AssertionError"}, {"jobs": ["marketplace.stage.mobile.saucelabs"], "result": "failure", "detail": "test failure: self = <tests.mobile.test_reviews.TestReviews instance at 0x10f862a70>\nmozwebqa = <pytest_mozwebqa.pytest_mozwebqa.TestSetup instance at 0x10e73be60>\n\n    def test_that_after_writing_a_review_clicking_back_goes_to_app_page(self, mozwebqa):\n        \"\"\"Logged out, click \"Write a Review\" on an app page, sign in, submit a review,\n            click Back, test that the current page is the app page.\n            \"\"\"\n        self._reviews_setup(mozwebqa)\n    \n        mock_review = MockReview()\n    \n        home_page = Home(mozwebqa)\n>       home_page.go_to_homepage()\n\ntests/mobile/test_reviews.py:32: \n_ _ _ _ _ _ _ _ _ _ _ _ _ _ _ _ _ _ _ _ _ _ _ _ _ _ _ _ _ _ _ _ _ _ _ _ _ _ _ _ \n\nself = <pages.mobile.home.Home object at 0x10f812a90>\n\n    def go_to_homepage(self):\n        self.selenium.get(self.base_url)\n>       self.wait_for_element_present(*self._featured_section_locator)\n\npages/mobile/home.py:30: \n_ _ _ _ _ _ _ _ _ _ _ _ _ _ _ _ _ _ _ _ _ _ _ _ _ _ _ _ _ _ _ _ _ _ _ _ _ _ _ _ \n\nself = <pages.mobile.home.Home object at 0x10f812a90>\nlocator = ('id', 'featured')\n\n    def wait_for_element_present(self, *locator):\n        \"\"\"Wait for an element to become present.\"\"\"\n        self.selenium.implicitly_wait(0)\n        try:\n            WebDriverWait(self.selenium, 10).until(lambda s: self._selenium_root.find_element(*locator))\n        except TimeoutException:\n>           Assert.fail(TimeoutException)\n\npages/page.py:92: \n_ _ _ _ _ _ _ _ _ _ _ _ _ _ _ _ _ _ _ _ _ _ _ _ _ _ _ _ _ _ _ _ _ _ _ _ _ _ _ _ \n\nself = <class 'unittestzero.Assert'>\nmsg = <class 'selenium.common.exceptions.TimeoutException'>\n\n    @classmethod\n    def fail(self, msg):\n        \"\"\"\n            Raises an assertion error with a message passed in\n    \n            :Args:\n             - Message that will be printed\n            \"\"\"\n>       raise AssertionError(msg)\nE       AssertionError: <class 'selenium.common.exceptions.TimeoutException'>\n\n.env/lib/python2.7/site-packages/unittestzero.py:125: AssertionError"}], "passed": [], "test_name": "test_that_after_writing_a_review_clicking_back_goes_to_app_page"}, {"skipped": {}, "all_passed": false, "environments": ["dev", "prod", "stage"], "path_to_result": "tests.mobile.test_search/TestSearch/test_searching_with_no_matching_results/", "failed": [{"jobs": ["marketplace.dev.mobile.saucelabs"], "result": "failure", "detail": "test failure: self = <tests.mobile.test_search.TestSearch instance at 0x10177a710>\nmozwebqa = <pytest_mozwebqa.pytest_mozwebqa.TestSetup instance at 0x10177aab8>\n\n    @pytest.mark.nondestructive\n    def test_searching_with_no_matching_results(self, mozwebqa):\n        home_page = Home(mozwebqa)\n>       home_page.go_to_homepage()\n\ntests/mobile/test_search.py:65: \n_ _ _ _ _ _ _ _ _ _ _ _ _ _ _ _ _ _ _ _ _ _ _ _ _ _ _ _ _ _ _ _ _ _ _ _ _ _ _ _ \n\nself = <pages.mobile.home.Home object at 0x101744690>\n\n    def go_to_homepage(self):\n        self.selenium.get(self.base_url)\n>       self.wait_for_element_present(*self._featured_section_locator)\n\npages/mobile/home.py:30: \n_ _ _ _ _ _ _ _ _ _ _ _ _ _ _ _ _ _ _ _ _ _ _ _ _ _ _ _ _ _ _ _ _ _ _ _ _ _ _ _ \n\nself = <pages.mobile.home.Home object at 0x101744690>\nlocator = ('id', 'featured')\n\n    def wait_for_element_present(self, *locator):\n        \"\"\"Wait for an element to become present.\"\"\"\n        self.selenium.implicitly_wait(0)\n        try:\n            WebDriverWait(self.selenium, 10).until(lambda s: self._selenium_root.find_element(*locator))\n        except TimeoutException:\n>           Assert.fail(TimeoutException)\n\npages/page.py:92: \n_ _ _ _ _ _ _ _ _ _ _ _ _ _ _ _ _ _ _ _ _ _ _ _ _ _ _ _ _ _ _ _ _ _ _ _ _ _ _ _ \n\nself = <class 'unittestzero.Assert'>\nmsg = <class 'selenium.common.exceptions.TimeoutException'>\n\n    @classmethod\n    def fail(self, msg):\n        \"\"\"\n            Raises an assertion error with a message passed in\n    \n            :Args:\n             - Message that will be printed\n            \"\"\"\n>       raise AssertionError(msg)\nE       AssertionError: <class 'selenium.common.exceptions.TimeoutException'>\n\n.env/lib/python2.7/site-packages/unittestzero.py:125: AssertionError"}, {"jobs": ["marketplace.prod.mobile.saucelabs"], "result": "failure", "detail": "test failure: self = <tests.mobile.test_search.TestSearch instance at 0x10f72bc20>\nmozwebqa = <pytest_mozwebqa.pytest_mozwebqa.TestSetup instance at 0x10f72b6c8>\n\n    @pytest.mark.nondestructive\n    def test_searching_with_no_matching_results(self, mozwebqa):\n        home_page = Home(mozwebqa)\n>       home_page.go_to_homepage()\n\ntests/mobile/test_search.py:65: \n_ _ _ _ _ _ _ _ _ _ _ _ _ _ _ _ _ _ _ _ _ _ _ _ _ _ _ _ _ _ _ _ _ _ _ _ _ _ _ _ \n\nself = <pages.mobile.home.Home object at 0x10f6f0490>\n\n    def go_to_homepage(self):\n        self.selenium.get(self.base_url)\n>       self.wait_for_element_present(*self._featured_section_locator)\n\npages/mobile/home.py:30: \n_ _ _ _ _ _ _ _ _ _ _ _ _ _ _ _ _ _ _ _ _ _ _ _ _ _ _ _ _ _ _ _ _ _ _ _ _ _ _ _ \n\nself = <pages.mobile.home.Home object at 0x10f6f0490>\nlocator = ('id', 'featured')\n\n    def wait_for_element_present(self, *locator):\n        \"\"\"Wait for an element to become present.\"\"\"\n        self.selenium.implicitly_wait(0)\n        try:\n            WebDriverWait(self.selenium, 10).until(lambda s: self._selenium_root.find_element(*locator))\n        except TimeoutException:\n>           Assert.fail(TimeoutException)\n\npages/page.py:92: \n_ _ _ _ _ _ _ _ _ _ _ _ _ _ _ _ _ _ _ _ _ _ _ _ _ _ _ _ _ _ _ _ _ _ _ _ _ _ _ _ \n\nself = <class 'unittestzero.Assert'>\nmsg = <class 'selenium.common.exceptions.TimeoutException'>\n\n    @classmethod\n    def fail(self, msg):\n        \"\"\"\n            Raises an assertion error with a message passed in\n    \n            :Args:\n             - Message that will be printed\n            \"\"\"\n>       raise AssertionError(msg)\nE       AssertionError: <class 'selenium.common.exceptions.TimeoutException'>\n\n.env/lib/python2.7/site-packages/unittestzero.py:125: AssertionError"}, {"jobs": ["marketplace.stage.mobile.saucelabs"], "result": "failure", "detail": "test failure: self = <tests.mobile.test_search.TestSearch instance at 0x108c471b8>\nmozwebqa = <pytest_mozwebqa.pytest_mozwebqa.TestSetup instance at 0x108c47758>\n\n    @pytest.mark.nondestructive\n    def test_searching_with_no_matching_results(self, mozwebqa):\n        home_page = Home(mozwebqa)\n>       home_page.go_to_homepage()\n\ntests/mobile/test_search.py:65: \n_ _ _ _ _ _ _ _ _ _ _ _ _ _ _ _ _ _ _ _ _ _ _ _ _ _ _ _ _ _ _ _ _ _ _ _ _ _ _ _ \n\nself = <pages.mobile.home.Home object at 0x108c24f10>\n\n    def go_to_homepage(self):\n        self.selenium.get(self.base_url)\n>       self.wait_for_element_present(*self._featured_section_locator)\n\npages/mobile/home.py:30: \n_ _ _ _ _ _ _ _ _ _ _ _ _ _ _ _ _ _ _ _ _ _ _ _ _ _ _ _ _ _ _ _ _ _ _ _ _ _ _ _ \n\nself = <pages.mobile.home.Home object at 0x108c24f10>\nlocator = ('id', 'featured')\n\n    def wait_for_element_present(self, *locator):\n        \"\"\"Wait for an element to become present.\"\"\"\n        self.selenium.implicitly_wait(0)\n        try:\n            WebDriverWait(self.selenium, 10).until(lambda s: self._selenium_root.find_element(*locator))\n        except TimeoutException:\n>           Assert.fail(TimeoutException)\n\npages/page.py:92: \n_ _ _ _ _ _ _ _ _ _ _ _ _ _ _ _ _ _ _ _ _ _ _ _ _ _ _ _ _ _ _ _ _ _ _ _ _ _ _ _ \n\nself = <class 'unittestzero.Assert'>\nmsg = <class 'selenium.common.exceptions.TimeoutException'>\n\n    @classmethod\n    def fail(self, msg):\n        \"\"\"\n            Raises an assertion error with a message passed in\n    \n            :Args:\n             - Message that will be printed\n            \"\"\"\n>       raise AssertionError(msg)\nE       AssertionError: <class 'selenium.common.exceptions.TimeoutException'>\n\n.env/lib/python2.7/site-packages/unittestzero.py:125: AssertionError"}], "passed": [], "test_name": "test_searching_with_no_matching_results"}, {"skipped": {}, "all_passed": false, "environments": ["dev", "prod", "stage"], "path_to_result": "tests.mobile.test_details_page/TestDetails/test_reviews_section/", "failed": [{"jobs": ["marketplace.dev.mobile.saucelabs"], "result": "failure", "detail": "test failure: self = <tests.mobile.test_details_page.TestDetails instance at 0x110974518>\nmozwebqa = <pytest_mozwebqa.pytest_mozwebqa.TestSetup instance at 0x11097b098>\n\n    @pytest.mark.nondestructive\n    def test_reviews_section(self, mozwebqa):\n        \"\"\"https://moztrap.mozilla.org/runtests/run/243/env/112/ - Verify details page for an app - Reviews section\"\"\"\n        home_page = Home(mozwebqa)\n>       home_page.go_to_homepage()\n\ntests/mobile/test_details_page.py:43: \n_ _ _ _ _ _ _ _ _ _ _ _ _ _ _ _ _ _ _ _ _ _ _ _ _ _ _ _ _ _ _ _ _ _ _ _ _ _ _ _ \n\nself = <pages.mobile.home.Home object at 0x110966a10>\n\n    def go_to_homepage(self):\n        self.selenium.get(self.base_url)\n>       self.wait_for_element_present(*self._featured_section_locator)\n\npages/mobile/home.py:30: \n_ _ _ _ _ _ _ _ _ _ _ _ _ _ _ _ _ _ _ _ _ _ _ _ _ _ _ _ _ _ _ _ _ _ _ _ _ _ _ _ \n\nself = <pages.mobile.home.Home object at 0x110966a10>\nlocator = ('id', 'featured')\n\n    def wait_for_element_present(self, *locator):\n        \"\"\"Wait for an element to become present.\"\"\"\n        self.selenium.implicitly_wait(0)\n        try:\n            WebDriverWait(self.selenium, 10).until(lambda s: self._selenium_root.find_element(*locator))\n        except TimeoutException:\n>           Assert.fail(TimeoutException)\n\npages/page.py:92: \n_ _ _ _ _ _ _ _ _ _ _ _ _ _ _ _ _ _ _ _ _ _ _ _ _ _ _ _ _ _ _ _ _ _ _ _ _ _ _ _ \n\nself = <class 'unittestzero.Assert'>\nmsg = <class 'selenium.common.exceptions.TimeoutException'>\n\n    @classmethod\n    def fail(self, msg):\n        \"\"\"\n            Raises an assertion error with a message passed in\n    \n            :Args:\n             - Message that will be printed\n            \"\"\"\n>       raise AssertionError(msg)\nE       AssertionError: <class 'selenium.common.exceptions.TimeoutException'>\n\n.env/lib/python2.7/site-packages/unittestzero.py:125: AssertionError"}, {"jobs": ["marketplace.prod.mobile.saucelabs"], "result": "failure", "detail": "test failure: self = <tests.mobile.test_details_page.TestDetails instance at 0x10ea965a8>\nmozwebqa = <pytest_mozwebqa.pytest_mozwebqa.TestSetup instance at 0x10ea96290>\n\n    @pytest.mark.nondestructive\n    def test_reviews_section(self, mozwebqa):\n        \"\"\"https://moztrap.mozilla.org/runtests/run/243/env/112/ - Verify details page for an app - Reviews section\"\"\"\n        home_page = Home(mozwebqa)\n>       home_page.go_to_homepage()\n\ntests/mobile/test_details_page.py:43: \n_ _ _ _ _ _ _ _ _ _ _ _ _ _ _ _ _ _ _ _ _ _ _ _ _ _ _ _ _ _ _ _ _ _ _ _ _ _ _ _ \n\nself = <pages.mobile.home.Home object at 0x10ea7b650>\n\n    def go_to_homepage(self):\n        self.selenium.get(self.base_url)\n>       self.wait_for_element_present(*self._featured_section_locator)\n\npages/mobile/home.py:30: \n_ _ _ _ _ _ _ _ _ _ _ _ _ _ _ _ _ _ _ _ _ _ _ _ _ _ _ _ _ _ _ _ _ _ _ _ _ _ _ _ \n\nself = <pages.mobile.home.Home object at 0x10ea7b650>\nlocator = ('id', 'featured')\n\n    def wait_for_element_present(self, *locator):\n        \"\"\"Wait for an element to become present.\"\"\"\n        self.selenium.implicitly_wait(0)\n        try:\n            WebDriverWait(self.selenium, 10).until(lambda s: self._selenium_root.find_element(*locator))\n        except TimeoutException:\n>           Assert.fail(TimeoutException)\n\npages/page.py:92: \n_ _ _ _ _ _ _ _ _ _ _ _ _ _ _ _ _ _ _ _ _ _ _ _ _ _ _ _ _ _ _ _ _ _ _ _ _ _ _ _ \n\nself = <class 'unittestzero.Assert'>\nmsg = <class 'selenium.common.exceptions.TimeoutException'>\n\n    @classmethod\n    def fail(self, msg):\n        \"\"\"\n            Raises an assertion error with a message passed in\n    \n            :Args:\n             - Message that will be printed\n            \"\"\"\n>       raise AssertionError(msg)\nE       AssertionError: <class 'selenium.common.exceptions.TimeoutException'>\n\n.env/lib/python2.7/site-packages/unittestzero.py:125: AssertionError"}, {"jobs": ["marketplace.stage.mobile.saucelabs"], "result": "failure", "detail": "test failure: self = <tests.mobile.test_details_page.TestDetails instance at 0x108ae2998>\nmozwebqa = <pytest_mozwebqa.pytest_mozwebqa.TestSetup instance at 0x108ae2a28>\n\n    @pytest.mark.nondestructive\n    def test_reviews_section(self, mozwebqa):\n        \"\"\"https://moztrap.mozilla.org/runtests/run/243/env/112/ - Verify details page for an app - Reviews section\"\"\"\n        home_page = Home(mozwebqa)\n>       home_page.go_to_homepage()\n\ntests/mobile/test_details_page.py:43: \n_ _ _ _ _ _ _ _ _ _ _ _ _ _ _ _ _ _ _ _ _ _ _ _ _ _ _ _ _ _ _ _ _ _ _ _ _ _ _ _ \n\nself = <pages.mobile.home.Home object at 0x108ad9690>\n\n    def go_to_homepage(self):\n        self.selenium.get(self.base_url)\n>       self.wait_for_element_present(*self._featured_section_locator)\n\npages/mobile/home.py:30: \n_ _ _ _ _ _ _ _ _ _ _ _ _ _ _ _ _ _ _ _ _ _ _ _ _ _ _ _ _ _ _ _ _ _ _ _ _ _ _ _ \n\nself = <pages.mobile.home.Home object at 0x108ad9690>\nlocator = ('id', 'featured')\n\n    def wait_for_element_present(self, *locator):\n        \"\"\"Wait for an element to become present.\"\"\"\n        self.selenium.implicitly_wait(0)\n        try:\n            WebDriverWait(self.selenium, 10).until(lambda s: self._selenium_root.find_element(*locator))\n        except TimeoutException:\n>           Assert.fail(TimeoutException)\n\npages/page.py:92: \n_ _ _ _ _ _ _ _ _ _ _ _ _ _ _ _ _ _ _ _ _ _ _ _ _ _ _ _ _ _ _ _ _ _ _ _ _ _ _ _ \n\nself = <class 'unittestzero.Assert'>\nmsg = <class 'selenium.common.exceptions.TimeoutException'>\n\n    @classmethod\n    def fail(self, msg):\n        \"\"\"\n            Raises an assertion error with a message passed in\n    \n            :Args:\n             - Message that will be printed\n            \"\"\"\n>       raise AssertionError(msg)\nE       AssertionError: <class 'selenium.common.exceptions.TimeoutException'>\n\n.env/lib/python2.7/site-packages/unittestzero.py:125: AssertionError"}], "passed": [], "test_name": "test_reviews_section"}, {"skipped": {}, "all_passed": false, "environments": ["dev", "prod", "stage"], "path_to_result": "tests.mobile.test_home_page/TestHomepage/test_switch_between_new_and_popular_tab/", "failed": [{"jobs": ["marketplace.dev.mobile.saucelabs"], "result": "failure", "detail": "test failure: self = <tests.mobile.test_home_page.TestHomepage instance at 0x10b8b5098>\nmozwebqa = <pytest_mozwebqa.pytest_mozwebqa.TestSetup instance at 0x10b8b5710>\n\n    @pytest.mark.nondestructive\n    def test_switch_between_new_and_popular_tab(self, mozwebqa):\n        \"\"\"\n            Test to verify functionality for switch between New/Popular Tabs\n            \"\"\"\n        home_page = Home(mozwebqa)\n>       home_page.go_to_homepage()\n\ntests/mobile/test_home_page.py:34: \n_ _ _ _ _ _ _ _ _ _ _ _ _ _ _ _ _ _ _ _ _ _ _ _ _ _ _ _ _ _ _ _ _ _ _ _ _ _ _ _ \n\nself = <pages.mobile.home.Home object at 0x10b858a50>\n\n    def go_to_homepage(self):\n        self.selenium.get(self.base_url)\n>       self.wait_for_element_present(*self._featured_section_locator)\n\npages/mobile/home.py:30: \n_ _ _ _ _ _ _ _ _ _ _ _ _ _ _ _ _ _ _ _ _ _ _ _ _ _ _ _ _ _ _ _ _ _ _ _ _ _ _ _ \n\nself = <pages.mobile.home.Home object at 0x10b858a50>\nlocator = ('id', 'featured')\n\n    def wait_for_element_present(self, *locator):\n        \"\"\"Wait for an element to become present.\"\"\"\n        self.selenium.implicitly_wait(0)\n        try:\n            WebDriverWait(self.selenium, 10).until(lambda s: self._selenium_root.find_element(*locator))\n        except TimeoutException:\n>           Assert.fail(TimeoutException)\n\npages/page.py:92: \n_ _ _ _ _ _ _ _ _ _ _ _ _ _ _ _ _ _ _ _ _ _ _ _ _ _ _ _ _ _ _ _ _ _ _ _ _ _ _ _ \n\nself = <class 'unittestzero.Assert'>\nmsg = <class 'selenium.common.exceptions.TimeoutException'>\n\n    @classmethod\n    def fail(self, msg):\n        \"\"\"\n            Raises an assertion error with a message passed in\n    \n            :Args:\n             - Message that will be printed\n            \"\"\"\n>       raise AssertionError(msg)\nE       AssertionError: <class 'selenium.common.exceptions.TimeoutException'>\n\n.env/lib/python2.7/site-packages/unittestzero.py:125: AssertionError"}, {"jobs": ["marketplace.prod.mobile.saucelabs"], "result": "failure", "detail": "test failure: self = <tests.mobile.test_home_page.TestHomepage instance at 0x1056291b8>\nmozwebqa = <pytest_mozwebqa.pytest_mozwebqa.TestSetup instance at 0x105629f80>\n\n    @pytest.mark.nondestructive\n    def test_switch_between_new_and_popular_tab(self, mozwebqa):\n        \"\"\"\n            Test to verify functionality for switch between New/Popular Tabs\n            \"\"\"\n        home_page = Home(mozwebqa)\n>       home_page.go_to_homepage()\n\ntests/mobile/test_home_page.py:34: \n_ _ _ _ _ _ _ _ _ _ _ _ _ _ _ _ _ _ _ _ _ _ _ _ _ _ _ _ _ _ _ _ _ _ _ _ _ _ _ _ \n\nself = <pages.mobile.home.Home object at 0x10560d590>\n\n    def go_to_homepage(self):\n        self.selenium.get(self.base_url)\n>       self.wait_for_element_present(*self._featured_section_locator)\n\npages/mobile/home.py:30: \n_ _ _ _ _ _ _ _ _ _ _ _ _ _ _ _ _ _ _ _ _ _ _ _ _ _ _ _ _ _ _ _ _ _ _ _ _ _ _ _ \n\nself = <pages.mobile.home.Home object at 0x10560d590>\nlocator = ('id', 'featured')\n\n    def wait_for_element_present(self, *locator):\n        \"\"\"Wait for an element to become present.\"\"\"\n        self.selenium.implicitly_wait(0)\n        try:\n            WebDriverWait(self.selenium, 10).until(lambda s: self._selenium_root.find_element(*locator))\n        except TimeoutException:\n>           Assert.fail(TimeoutException)\n\npages/page.py:92: \n_ _ _ _ _ _ _ _ _ _ _ _ _ _ _ _ _ _ _ _ _ _ _ _ _ _ _ _ _ _ _ _ _ _ _ _ _ _ _ _ \n\nself = <class 'unittestzero.Assert'>\nmsg = <class 'selenium.common.exceptions.TimeoutException'>\n\n    @classmethod\n    def fail(self, msg):\n        \"\"\"\n            Raises an assertion error with a message passed in\n    \n            :Args:\n             - Message that will be printed\n            \"\"\"\n>       raise AssertionError(msg)\nE       AssertionError: <class 'selenium.common.exceptions.TimeoutException'>\n\n.env/lib/python2.7/site-packages/unittestzero.py:125: AssertionError"}, {"jobs": ["marketplace.stage.mobile.saucelabs"], "result": "failure", "detail": "test failure: self = <tests.mobile.test_home_page.TestHomepage instance at 0x10bc597a0>\nmozwebqa = <pytest_mozwebqa.pytest_mozwebqa.TestSetup instance at 0x10bc61320>\n\n    @pytest.mark.nondestructive\n    def test_switch_between_new_and_popular_tab(self, mozwebqa):\n        \"\"\"\n            Test to verify functionality for switch between New/Popular Tabs\n            \"\"\"\n        home_page = Home(mozwebqa)\n>       home_page.go_to_homepage()\n\ntests/mobile/test_home_page.py:34: \n_ _ _ _ _ _ _ _ _ _ _ _ _ _ _ _ _ _ _ _ _ _ _ _ _ _ _ _ _ _ _ _ _ _ _ _ _ _ _ _ \n\nself = <pages.mobile.home.Home object at 0x10bc46f50>\n\n    def go_to_homepage(self):\n        self.selenium.get(self.base_url)\n>       self.wait_for_element_present(*self._featured_section_locator)\n\npages/mobile/home.py:30: \n_ _ _ _ _ _ _ _ _ _ _ _ _ _ _ _ _ _ _ _ _ _ _ _ _ _ _ _ _ _ _ _ _ _ _ _ _ _ _ _ \n\nself = <pages.mobile.home.Home object at 0x10bc46f50>\nlocator = ('id', 'featured')\n\n    def wait_for_element_present(self, *locator):\n        \"\"\"Wait for an element to become present.\"\"\"\n        self.selenium.implicitly_wait(0)\n        try:\n            WebDriverWait(self.selenium, 10).until(lambda s: self._selenium_root.find_element(*locator))\n        except TimeoutException:\n>           Assert.fail(TimeoutException)\n\npages/page.py:92: \n_ _ _ _ _ _ _ _ _ _ _ _ _ _ _ _ _ _ _ _ _ _ _ _ _ _ _ _ _ _ _ _ _ _ _ _ _ _ _ _ \n\nself = <class 'unittestzero.Assert'>\nmsg = <class 'selenium.common.exceptions.TimeoutException'>\n\n    @classmethod\n    def fail(self, msg):\n        \"\"\"\n            Raises an assertion error with a message passed in\n    \n            :Args:\n             - Message that will be printed\n            \"\"\"\n>       raise AssertionError(msg)\nE       AssertionError: <class 'selenium.common.exceptions.TimeoutException'>\n\n.env/lib/python2.7/site-packages/unittestzero.py:125: AssertionError"}], "passed": [], "test_name": "test_switch_between_new_and_popular_tab"}, {"skipped": {"jobs": ["marketplace.dev.mobile.saucelabs", "marketplace.prod.mobile.saucelabs", "marketplace.stage.mobile.saucelabs"], "result": "skipped", "detail": "condition: True: /Users/Shared/Jenkins/Home/jobs/marketplace.dev.mobile.saucelabs/workspace/.env/lib/python2.7/site-packages/_pytest/skipping.py:120: Skipped: condition: True"}, "all_passed": true, "environments": ["dev", "prod", "stage"], "path_to_result": "tests.mobile.test_search/TestSearch/test_that_verifies_the_search_suggestions_list_under_the_search_field/", "failed": [], "passed": [], "test_name": "test_that_verifies_the_search_suggestions_list_under_the_search_field"}]}, {"group": "Firefox OS", "test_results": [{"skipped": {}, "all_passed": true, "environments": ["unknown"], "path_to_result": "test_marketplace_add_review/TestMarketplaceAddReview/test_add_review/", "failed": [], "passed": ["b2g.hamachi.mozilla-b2g28_v1_3.v1.3.marketplace"], "test_name": "test_add_review"}, {"skipped": {"jobs": ["b2g.hamachi.mozilla-b2g28_v1_3.v1.3.marketplace"], "result": "skipped", "detail": "test skipped: Traceback (most recent call last):\n  File \"/var/jenkins/workspace/b2g.hamachi.mozilla-b2g28_v1_3.v1.3.marketplace/.env/local/lib/python2.7/site-packages/marionette_client_mozilla_b2g28_v1_3-0.2-py2.7.egg/marionette/marionette_test.py\", line 158, in run\n    testMethod()\n  File \"/var/jenkins/workspace/b2g.hamachi.mozilla-b2g28_v1_3.v1.3.marketplace/marketplacetests/tests/test_marketplace_search_and_install_app.py\", line 47, in test_search_and_install_app\n    self.assertEqual('%s installed' % self.app_name, marketplace.install_notification_message)\nAssertionError: u'ConnectA2 installed' != u'ConnectA2 download stopped'\n- ConnectA2 installed\n+ ConnectA2 download stopped\n"}, "all_passed": true, "environments": ["unknown"], "path_to_result": "test_marketplace_search_and_install_app/TestSearchMarketplaceAndInstallApp/test_search_and_install_app/", "failed": [], "passed": [], "test_name": "test_search_and_install_app"}, {"skipped": {}, "all_passed": true, "environments": ["unknown"], "path_to_result": "test_marketplace_feedback_login/TestMarketplaceFeedback/test_marketplace_feedback_user/", "failed": [], "passed": ["b2g.hamachi.mozilla-b2g28_v1_3.v1.3.marketplace"], "test_name": "test_marketplace_feedback_user"}, {"skipped": {}, "all_passed": true, "environments": ["unknown"], "path_to_result": "test_marketplace_feedback_anonymous/TestMarketplaceFeedback/test_marketplace_feedback_anonymous/", "failed": [], "passed": ["b2g.hamachi.mozilla-b2g28_v1_3.v1.3.marketplace"], "test_name": "test_marketplace_feedback_anonymous"}, {"skipped": {}, "all_passed": true, "environments": ["unknown"], "path_to_result": "test_marketplace_login/TestMarketplaceLogin/test_login_marketplace/", "failed": [], "passed": ["b2g.hamachi.mozilla-b2g28_v1_3.v1.3.marketplace"], "test_name": "test_login_marketplace"}, {"skipped": {}, "all_passed": true, "environments": ["unknown"], "path_to_result": "test_marketplace_without_connectivity/TestMarketplaceWithoutConnectivity/test_marketplace_without_connectivity/", "failed": [], "passed": ["b2g.hamachi.mozilla-b2g28_v1_3.v1.3.marketplace"], "test_name": "test_marketplace_without_connectivity"}, {"skipped": {"jobs": ["b2g.hamachi.mozilla-b2g28_v1_3.v1.3.marketplace"], "result": "skipped", "detail": "test skipped: Traceback (most recent call last):\n  File \"/var/jenkins/workspace/b2g.hamachi.mozilla-b2g28_v1_3.v1.3.marketplace/.env/local/lib/python2.7/site-packages/marionette_client_mozilla_b2g28_v1_3-0.2-py2.7.egg/marionette/marionette_test.py\", line 158, in run\n    testMethod()\n  File \"/var/jenkins/workspace/b2g.hamachi.mozilla-b2g28_v1_3.v1.3.marketplace/marketplacetests/tests/test_marketplace_purchase_app.py\", line 28, in test_purchase_app\n    marketplace.login(user)\n  File \"/var/jenkins/workspace/b2g.hamachi.mozilla-b2g28_v1_3.v1.3.marketplace/marketplacetests/marketplace/app.py\", line 62, in login\n    settings = self.tap_settings()\n  File \"/var/jenkins/workspace/b2g.hamachi.mozilla-b2g28_v1_3.v1.3.marketplace/marketplacetests/marketplace/app.py\", line 132, in tap_settings\n    self.wait_for_element_displayed(*self._settings_button_locator)\n  File \"/var/jenkins/workspace/b2g.hamachi.mozilla-b2g28_v1_3.v1.3.marketplace/.env/local/lib/python2.7/site-packages/gaiatest_v1.3-0.2-py2.7.egg/gaiatest/apps/base.py\", line 71, in wait_for_element_displayed\n    raise TimeoutException('Element %s present but not displayed before timeout' % locator)\nTimeoutException: TimeoutException: Element a.header-button.settings present but not displayed before timeout\n"}, "all_passed": true, "environments": ["unknown"], "path_to_result": "test_marketplace_purchase_app/TestMarketplacePurchaseApp/test_purchase_app/", "failed": [], "passed": [], "test_name": "test_purchase_app"}, {"skipped": {}, "all_passed": true, "environments": ["unknown"], "path_to_result": "test_marketplace_search_for_paid_app/TestSearchMarketplacePaidApp/test_search_paid_app/", "failed": [], "passed": ["b2g.hamachi.mozilla-b2g28_v1_3.v1.3.marketplace"], "test_name": "test_search_paid_app"}, {"skipped": {"jobs": ["b2g.hamachi.mozilla-b2g28_v1_3.v1.3.marketplace"], "result": "skipped", "detail": "test skipped: Traceback (most recent call last):\n  File \"/var/jenkins/workspace/b2g.hamachi.mozilla-b2g28_v1_3.v1.3.marketplace/.env/local/lib/python2.7/site-packages/marionette_client_mozilla_b2g28_v1_3-0.2-py2.7.egg/marionette/marionette_test.py\", line 158, in run\n    testMethod()\n  File \"/var/jenkins/workspace/b2g.hamachi.mozilla-b2g28_v1_3.v1.3.marketplace/marketplacetests/tests/test_marketplace_create_confirm_pin.py\", line 34, in test_create_confirm_pin\n    payment.create_pin(PIN)\n  File \"/var/jenkins/workspace/b2g.hamachi.mozilla-b2g28_v1_3.v1.3.marketplace/marketplacetests/payment/app.py\", line 41, in create_pin\n    self.wait_for_element_displayed(*self._create_pin_form_locator)\n  File \"/var/jenkins/workspace/b2g.hamachi.mozilla-b2g28_v1_3.v1.3.marketplace/.env/local/lib/python2.7/site-packages/gaiatest_v1.3-0.2-py2.7.egg/gaiatest/apps/base.py\", line 69, in wait_for_element_displayed\n    raise TimeoutException('Element %s not present before timeout' % locator)\nTimeoutException: TimeoutException: Element form[action=\"/mozpay/pin/create\"] not present before timeout\n"}, "all_passed": true, "environments": ["unknown"], "path_to_result": "test_marketplace_create_confirm_pin/TestMarketplaceCreateConfirmPin/test_create_confirm_pin/", "failed": [], "passed": [], "test_name": "test_create_confirm_pin"}]}, {"group": "Desktop", "test_results": [{"skipped": {}, "all_passed": true, "environments": ["dev", "prod", "stage"], "path_to_result": "tests.desktop.consumer_pages.test_details_page/TestDetailsPage/test_that_application_page_contains_proper_objects/", "failed": [], "passed": ["marketplace.dev.saucelabs", "marketplace.prod", "marketplace.stage.saucelabs", "marketplace.prod.saucelabs"], "test_name": "test_that_application_page_contains_proper_objects"}, {"skipped": {}, "all_passed": true, "environments": ["dev", "prod", "stage"], "path_to_result": "tests.desktop.consumer_pages.test_search/TestSearching/test_that_the_search_tag_is_present_in_the_search_results/", "failed": [], "passed": ["marketplace.dev.saucelabs", "marketplace.prod", "marketplace.stage.saucelabs", "marketplace.prod.saucelabs"], "test_name": "test_that_the_search_tag_is_present_in_the_search_results"}, {"skipped": {}, "all_passed": true, "environments": ["stage", "dev"], "path_to_result": "tests.desktop.developer_hub.test_developer_hub/TestDeveloperHub/test_that_checks_apps_are_sorted_by_date/", "failed": [], "passed": ["marketplace.stage.developer_hub.saucelabs", "marketplace.dev.developer_hub", "marketplace.dev.developer_hub.saucelabs"], "test_name": "test_that_checks_apps_are_sorted_by_date"}, {"skipped": {}, "all_passed": true, "environments": ["dev", "prod", "stage"], "path_to_result": "tests.desktop.consumer_pages.test_consumers_page/TestConsumerPage/test_open_view_all_link_while_popular_tab_selected/", "failed": [], "passed": ["marketplace.dev.saucelabs", "marketplace.prod", "marketplace.stage.saucelabs", "marketplace.prod.saucelabs"], "test_name": "test_open_view_all_link_while_popular_tab_selected"}, {"skipped": {"jobs": ["marketplace.dev.saucelabs"], "result": "skipped", "detail": "xfail-marked test passes unexpectedly: None"}, "all_passed": false, "environments": ["dev", "prod", "stage"], "path_to_result": "tests.desktop.consumer_pages.test_consumers_page/TestConsumerPage/test_that_clicking_on_featured_app_loads_details_page/", "failed": [{"jobs": ["marketplace.stage.saucelabs"], "result": "failure", "detail": "test failure: self = <tests.desktop.consumer_pages.test_consumers_page.TestConsumerPage instance at 0x10dcc0fc8>\nmozwebqa = <pytest_mozwebqa.pytest_mozwebqa.TestSetup instance at 0x10dcc0d40>\n\n    @pytest.mark.smoke\n    @pytest.mark.nondestructive\n    @pytest.mark.xfail(\"'-dev' in config.getvalue('base_url')\",\n                       reason=\"Bug 1037356 - [dev] Featured apps icons from homescreen are not valid\")\n    def test_that_clicking_on_featured_app_loads_details_page(self, mozwebqa):\n    \n        home_page = Home(mozwebqa)\n        home_page.go_to_homepage()\n    \n>       details_page = home_page.click_on_first_app()\n\ntests/desktop/consumer_pages/test_consumers_page.py:62: \n_ _ _ _ _ _ _ _ _ _ _ _ _ _ _ _ _ _ _ _ _ _ _ _ _ _ _ _ _ _ _ _ _ _ _ _ _ _ _ _ \n\nself = <pages.desktop.consumer_pages.home.Home object at 0x10dcbae90>\n\n    def click_on_first_app(self):\n>       self.selenium.find_element(*self._first_app_locator).click()\n\npages/desktop/consumer_pages/home.py:52: \n_ _ _ _ _ _ _ _ _ _ _ _ _ _ _ _ _ _ _ _ _ _ _ _ _ _ _ _ _ _ _ _ _ _ _ _ _ _ _ _ \n\nself = <selenium.webdriver.remote.webdriver.WebDriver object at 0x10dd30650>\nby = 'css selector', value = '#featured > ol > li:first-child > a'\n\n    def find_element(self, by=By.ID, value=None):\n        \"\"\"\n            'Private' method used by the find_element_by_* methods.\n    \n            :Usage:\n                Use the corresponding find_element_by_* instead of this.\n    \n            :rtype: WebElement\n            \"\"\"\n        if not By.is_valid(by) or not isinstance(value, str):\n            raise InvalidSelectorException(\"Invalid locator values passed in\")\n    \n        return self.execute(Command.FIND_ELEMENT,\n>                            {'using': by, 'value': value})['value']\n\n.env/lib/python2.7/site-packages/selenium/webdriver/remote/webdriver.py:662: \n_ _ _ _ _ _ _ _ _ _ _ _ _ _ _ _ _ _ _ _ _ _ _ _ _ _ _ _ _ _ _ _ _ _ _ _ _ _ _ _ \n\nself = <selenium.webdriver.remote.webdriver.WebDriver object at 0x10dd30650>\ndriver_command = 'findElement'\nparams = {'sessionId': u'8fe7d242c1dc42e58fbd2241acb46260', 'using': 'css selector', 'value': '#featured > ol > li:first-child > a'}\n\n    def execute(self, driver_command, params=None):\n        \"\"\"\n            Sends a command to be executed by a command.CommandExecutor.\n    \n            :Args:\n             - driver_command: The name of the command to execute as a string.\n             - params: A dictionary of named parameters to send with the command.\n    \n            :Returns:\n              The command's JSON response loaded into a dictionary object.\n            \"\"\"\n        if self.session_id is not None:\n            if not params:\n                params = {'sessionId': self.session_id}\n            elif 'sessionId' not in params:\n                params['sessionId'] = self.session_id\n    \n        params = self._wrap_value(params)\n        response = self.command_executor.execute(driver_command, params)\n        if response:\n>           self.error_handler.check_response(response)\n\n.env/lib/python2.7/site-packages/selenium/webdriver/remote/webdriver.py:173: \n_ _ _ _ _ _ _ _ _ _ _ _ _ _ _ _ _ _ _ _ _ _ _ _ _ _ _ _ _ _ _ _ _ _ _ _ _ _ _ _ \n\nself = <selenium.webdriver.remote.errorhandler.ErrorHandler object at 0x10dd30710>\nresponse = {u'class': u'org.openqa.selenium.remote.Response', u'hCode': 23978559, u'sessionId': u'8fe7d242c1dc42e58fbd2241acb46260', u'state': u'no such element', ...}\n\n    def check_response(self, response):\n        \"\"\"\n            Checks that a JSON response from the WebDriver does not have an error.\n    \n            :Args:\n             - response - The JSON response from the WebDriver server as a dictionary\n               object.\n    \n            :Raises: If the response contains an error message.\n            \"\"\"\n        status = response['status']\n        if status == ErrorCode.SUCCESS:\n            return\n        exception_class = ErrorInResponseException\n        if status in ErrorCode.NO_SUCH_ELEMENT:\n            exception_class = NoSuchElementException\n        elif status in ErrorCode.NO_SUCH_FRAME:\n            exception_class = NoSuchFrameException\n        elif status in ErrorCode.NO_SUCH_WINDOW:\n            exception_class = NoSuchWindowException\n        elif status in ErrorCode.STALE_ELEMENT_REFERENCE:\n            exception_class = StaleElementReferenceException\n        elif status in ErrorCode.ELEMENT_NOT_VISIBLE:\n            exception_class = ElementNotVisibleException\n        elif status in ErrorCode.INVALID_ELEMENT_STATE:\n            exception_class = InvalidElementStateException\n        elif status in ErrorCode.INVALID_SELECTOR \\\n                or status in ErrorCode.INVALID_XPATH_SELECTOR \\\n                or status in ErrorCode.INVALID_XPATH_SELECTOR_RETURN_TYPER:\n            exception_class = InvalidSelectorException\n        elif status in ErrorCode.ELEMENT_IS_NOT_SELECTABLE:\n            exception_class = ElementNotSelectableException\n        elif status in ErrorCode.INVALID_COOKIE_DOMAIN:\n            exception_class = WebDriverException\n        elif status in ErrorCode.UNABLE_TO_SET_COOKIE:\n            exception_class = WebDriverException\n        elif status in ErrorCode.TIMEOUT:\n            exception_class = TimeoutException\n        elif status in ErrorCode.SCRIPT_TIMEOUT:\n            exception_class = TimeoutException\n        elif status in ErrorCode.UNKNOWN_ERROR:\n            exception_class = WebDriverException\n        elif status in ErrorCode.UNEXPECTED_ALERT_OPEN:\n            exception_class = UnexpectedAlertPresentException\n        elif status in ErrorCode.NO_ALERT_OPEN:\n            exception_class = NoAlertPresentException\n        elif status in ErrorCode.IME_NOT_AVAILABLE:\n            exception_class = ImeNotAvailableException\n        elif status in ErrorCode.IME_ENGINE_ACTIVATION_FAILED:\n            exception_class = ImeActivationFailedException\n        elif status in ErrorCode.MOVE_TARGET_OUT_OF_BOUNDS:\n            exception_class = MoveTargetOutOfBoundsException\n        else:\n            exception_class = WebDriverException\n        value = response['value']\n        if isinstance(value, basestring):\n            if exception_class == ErrorInResponseException:\n                raise exception_class(response, value)\n            raise exception_class(value)\n        message = ''\n        if 'message' in value:\n            message = value['message']\n    \n        screen = None\n        if 'screen' in value:\n            screen = value['screen']\n    \n        stacktrace = None\n        if 'stackTrace' in value and value['stackTrace']:\n            stacktrace = []\n            try:\n                for frame in value['stackTrace']:\n                    line = self._value_or_default(frame, 'lineNumber', '')\n                    file = self._value_or_default(frame, 'fileName', '<anonymous>')\n                    if line:\n                        file = \"%s:%s\" % (file, line)\n                    meth = self._value_or_default(frame, 'methodName', '<anonymous>')\n                    if 'className' in frame:\n                        meth = \"%s.%s\" % (frame['className'], meth)\n                    msg = \"    at %s (%s)\"\n                    msg = msg % (meth, file)\n                    stacktrace.append(msg)\n            except TypeError:\n                pass\n        if exception_class == ErrorInResponseException:\n            raise exception_class(response, message)\n>       raise exception_class(message, screen, stacktrace)\nE       NoSuchElementException: Message: u'Unable to locate element: {\"method\":\"css selector\",\"selector\":\"#featured > ol > li:first-child > a\"}\\nCommand duration or timeout: 10.11 seconds\\nFor documentation on this error, please visit: http://seleniumhq.org/exceptions/no_such_element.html\\nBuild info: version: \\'2.41.0\\', revision: \\'3192d8a\\', time: \\'2014-03-27 17:17:32\\'\\nSystem info: host: \\'WIN-R1JBAO1CNPS\\', ip: \\'172.20.38.100\\', os.name: \\'Windows Server 2008 R2\\', os.arch: \\'x86\\', os.version: \\'6.1\\', java.version: \\'1.7.0_60\\'\\nSession ID: 60983326-f8df-4de6-81f3-fa9985c78998\\nDriver info: org.openqa.selenium.firefox.FirefoxDriver\\nCapabilities [{platform=XP, acceptSslCerts=true, javascriptEnabled=true, cssSelectorsEnabled=true, databaseEnabled=true, browserName=firefox, handlesAlerts=true, browserConnectionEnabled=true, webStorageEnabled=true, nativeEvents=true, rotatable=false, locationContextEnabled=true, applicationCacheEnabled=true, takesScreenshot=true, version=28.0}]' ; Stacktrace: \nE           at sun.reflect.NativeConstructorAccessorImpl.newInstance0 (None:-2)\nE           at sun.reflect.NativeConstructorAccessorImpl.newInstance (None:-1)\nE           at sun.reflect.DelegatingConstructorAccessorImpl.newInstance (None:-1)\nE           at java.lang.reflect.Constructor.newInstance (None:-1)\nE           at org.openqa.selenium.remote.ErrorHandler.createThrowable (ErrorHandler.java:193)\nE           at org.openqa.selenium.remote.ErrorHandler.throwIfResponseFailed (ErrorHandler.java:145)\nE           at org.openqa.selenium.remote.RemoteWebDriver.execute (RemoteWebDriver.java:595)\nE           at org.openqa.selenium.remote.RemoteWebDriver.findElement (RemoteWebDriver.java:348)\nE           at org.openqa.selenium.remote.RemoteWebDriver.findElementByCssSelector (RemoteWebDriver.java:437)\nE           at org.openqa.selenium.By$ByCssSelector.findElement (By.java:426)\nE           at org.openqa.selenium.remote.RemoteWebDriver.findElement (RemoteWebDriver.java:340)\nE           at sun.reflect.NativeMethodAccessorImpl.invoke0 (None:-2)\nE           at sun.reflect.NativeMethodAccessorImpl.invoke (None:-1)\nE           at sun.reflect.DelegatingMethodAccessorImpl.invoke (None:-1)\nE           at java.lang.reflect.Method.invoke (None:-1)\nE           at org.openqa.selenium.support.events.EventFiringWebDriver$2.invoke (EventFiringWebDriver.java:101)\nE           at com.sun.proxy.$Proxy2.findElement (None:-1)\nE           at org.openqa.selenium.support.events.EventFiringWebDriver.findElement (EventFiringWebDriver.java:184)\nE           at org.openqa.selenium.remote.server.handler.FindElement.call (FindElement.java:47)\nE           at org.openqa.selenium.remote.server.handler.FindElement.call (FindElement.java:1)\nE           at java.util.concurrent.FutureTask.run (None:-1)\nE           at org.openqa.selenium.remote.server.DefaultSession$1.run (DefaultSession.java:170)\nE           at java.util.concurrent.ThreadPoolExecutor.runWorker (None:-1)\nE           at java.util.concurrent.ThreadPoolExecutor$Worker.run (None:-1)\nE           at java.lang.Thread.run (None:-1)\n\n.env/lib/python2.7/site-packages/selenium/webdriver/remote/errorhandler.py:164: NoSuchElementException"}], "passed": ["marketplace.prod", "marketplace.prod.saucelabs"], "test_name": "test_that_clicking_on_featured_app_loads_details_page"}, {"skipped": {}, "all_passed": true, "environments": ["stage", "dev"], "path_to_result": "tests.desktop.developer_hub.test_developer_hub/TestDeveloperHub/test_that_checks_editing_basic_info_for_a_free_app/", "failed": [], "passed": ["marketplace.stage.developer_hub.saucelabs", "marketplace.dev.developer_hub", "marketplace.dev.developer_hub.saucelabs"], "test_name": "test_that_checks_editing_basic_info_for_a_free_app"}, {"skipped": {"jobs": ["marketplace.dev.saucelabs", "marketplace.stage.saucelabs"], "result": "skipped", "detail": "We currently don't have the option for changing the language in Fireplace: /Users/Shared/Jenkins/Home/jobs/marketplace.dev.saucelabs/workspace/tests/desktop/consumer_pages/test_users_account.py:76: Skipped: We currently don't have the option for changing the language in Fireplace"}, "all_passed": true, "environments": ["dev", "stage"], "path_to_result": "tests.desktop.consumer_pages.test_users_account/TestAccounts/test_that_checks_changing_language/", "failed": [], "passed": [], "test_name": "test_that_checks_changing_language"}, {"skipped": {}, "all_passed": true, "environments": ["stage", "dev"], "path_to_result": "tests.desktop.developer_hub.test_developer_hub_submit_apps/TestDeveloperHubSubmitApps/test_hosted_app_submission/", "failed": [], "passed": ["marketplace.stage.developer_hub.saucelabs", "marketplace.dev.developer_hub", "marketplace.dev.developer_hub.saucelabs"], "test_name": "test_hosted_app_submission"}, {"skipped": {}, "all_passed": true, "environments": ["dev", "stage"], "path_to_result": "tests.desktop.consumer_pages.test_users_account/TestAccounts/test_editing_user_profile/", "failed": [], "passed": ["marketplace.dev.saucelabs", "marketplace.stage.saucelabs"], "test_name": "test_editing_user_profile"}, {"skipped": {}, "all_passed": true, "environments": ["dev", "prod", "stage"], "path_to_result": "tests.desktop.consumer_pages.test_users_account/TestAccounts/test_user_can_sign_in_and_sign_out_in_consumer_pages/", "failed": [], "passed": ["marketplace.dev.saucelabs", "marketplace.prod", "marketplace.stage.saucelabs", "marketplace.prod.saucelabs"], "test_name": "test_user_can_sign_in_and_sign_out_in_consumer_pages"}, {"skipped": {}, "all_passed": true, "environments": ["dev", "stage"], "path_to_result": "tests.desktop.consumer_pages.test_details_page/TestDetailsPage/test_that_reports_abuse_as_anonymous_user/", "failed": [], "passed": ["marketplace.dev.saucelabs", "marketplace.stage.saucelabs"], "test_name": "test_that_reports_abuse_as_anonymous_user"}, {"skipped": {}, "all_passed": true, "environments": ["stage", "dev"], "path_to_result": "tests.desktop.developer_hub.test_api_submit/TestAPI/test_assert_that_a_app_can_be_added_and_deleted_via_the_api/", "failed": [], "passed": ["marketplace.stage.developer_hub.saucelabs", "marketplace.dev.developer_hub", "marketplace.dev.developer_hub.saucelabs"], "test_name": "test_assert_that_a_app_can_be_added_and_deleted_via_the_api"}, {"skipped": {}, "all_passed": true, "environments": ["dev", "prod", "stage"], "path_to_result": "tests.desktop.consumer_pages.test_consumers_page/TestConsumerPage/test_that_header_has_expected_items/", "failed": [], "passed": ["marketplace.dev.saucelabs", "marketplace.prod", "marketplace.stage.saucelabs", "marketplace.prod.saucelabs"], "test_name": "test_that_header_has_expected_items"}, {"skipped": {}, "all_passed": true, "environments": ["stage", "dev"], "path_to_result": "tests.desktop.developer_hub.test_developer_hub/TestDeveloperHub/test_that_a_screenshot_cannot_be_added_via_an_invalid_file_format/", "failed": [], "passed": ["marketplace.stage.developer_hub.saucelabs", "marketplace.dev.developer_hub", "marketplace.dev.developer_hub.saucelabs"], "test_name": "test_that_a_screenshot_cannot_be_added_via_an_invalid_file_format"}, {"skipped": {"jobs": ["marketplace.dev.saucelabs", "marketplace.stage.saucelabs"], "result": "skipped", "detail": "Purchase app option is currently not available for desktop environment: /Users/Shared/Jenkins/Home/jobs/marketplace.dev.saucelabs/workspace/.env/lib/python2.7/site-packages/_pytest/skipping.py:120: Skipped: Purchase app option is currently not available for desktop environment"}, "all_passed": true, "environments": ["dev", "stage"], "path_to_result": "tests.desktop.consumer_pages.test_purchase_app/TestPurchaseApp/test_that_purchases_an_app_without_pre_auth_and_requests_a_refund/", "failed": [], "passed": [], "test_name": "test_that_purchases_an_app_without_pre_auth_and_requests_a_refund"}, {"skipped": {}, "all_passed": true, "environments": ["dev", "stage"], "path_to_result": "tests.desktop.consumer_pages.test_reviews/TestReviews/test_that_checks_the_deletion_of_a_review/", "failed": [], "passed": ["marketplace.dev.saucelabs", "marketplace.stage.saucelabs"], "test_name": "test_that_checks_the_deletion_of_a_review"}, {"skipped": {}, "all_passed": true, "environments": ["dev", "prod", "stage"], "path_to_result": "tests.desktop.consumer_pages.test_consumers_page/TestConsumerPage/test_opening_every_category_page_from_categories_section/", "failed": [], "passed": ["marketplace.dev.saucelabs", "marketplace.prod", "marketplace.stage.saucelabs", "marketplace.prod.saucelabs"], "test_name": "test_opening_every_category_page_from_categories_section"}, {"skipped": {}, "all_passed": true, "environments": ["stage", "dev"], "path_to_result": "tests.desktop.developer_hub.test_developer_hub/TestDeveloperHub/test_that_checks_editing_support_information_for_a_free_app/", "failed": [], "passed": ["marketplace.stage.developer_hub.saucelabs", "marketplace.dev.developer_hub", "marketplace.dev.developer_hub.saucelabs"], "test_name": "test_that_checks_editing_support_information_for_a_free_app"}, {"skipped": {}, "all_passed": true, "environments": ["dev", "stage"], "path_to_result": "tests.desktop.consumer_pages.test_reviews/TestReviews/test_that_checks_the_editing_of_a_review/", "failed": [], "passed": ["marketplace.dev.saucelabs", "marketplace.stage.saucelabs"], "test_name": "test_that_checks_the_editing_of_a_review"}, {"skipped": {}, "all_passed": true, "environments": ["stage", "dev"], "path_to_result": "tests.desktop.developer_hub.test_developer_hub/TestDeveloperHub/test_that_deletes_app/", "failed": [], "passed": ["marketplace.stage.developer_hub.saucelabs", "marketplace.dev.developer_hub", "marketplace.dev.developer_hub.saucelabs"], "test_name": "test_that_deletes_app"}, {"skipped": {}, "all_passed": true, "environments": ["dev", "prod", "stage"], "path_to_result": "tests.desktop.consumer_pages.test_consumers_page/TestConsumerPage/test_open_view_all_link_while_new_tab_selected/", "failed": [], "passed": ["marketplace.dev.saucelabs", "marketplace.prod", "marketplace.stage.saucelabs", "marketplace.prod.saucelabs"], "test_name": "test_open_view_all_link_while_new_tab_selected"}, {"skipped": {}, "all_passed": true, "environments": ["stage", "dev"], "path_to_result": "tests.desktop.developer_hub.test_developer_hub/TestDeveloperHub/test_that_checks_required_field_validations_on_basic_info_for_a_free_app/", "failed": [], "passed": ["marketplace.stage.developer_hub.saucelabs", "marketplace.dev.developer_hub", "marketplace.dev.developer_hub.saucelabs"], "test_name": "test_that_checks_required_field_validations_on_basic_info_for_a_free_app"}, {"skipped": {"jobs": ["marketplace.stage.developer_hub.saucelabs", "marketplace.dev.developer_hub", "marketplace.dev.developer_hub.saucelabs"], "result": "skipped", "detail": "xfail-marked test passes unexpectedly: None"}, "all_passed": true, "environments": ["stage", "dev"], "path_to_result": "tests.desktop.developer_hub.test_developer_hub/TestDeveloperHub/test_that_a_screenshot_can_be_added/", "failed": [], "passed": [], "test_name": "test_that_a_screenshot_can_be_added"}, {"skipped": {}, "all_passed": true, "environments": ["dev", "prod", "stage"], "path_to_result": "tests.desktop.consumer_pages.test_search/TestSearching/test_that_checks_search_with_foreign_characters/", "failed": [], "passed": ["marketplace.dev.saucelabs", "marketplace.prod", "marketplace.stage.saucelabs", "marketplace.prod.saucelabs"], "test_name": "test_that_checks_search_with_foreign_characters"}, {"skipped": {}, "all_passed": true, "environments": ["dev", "stage"], "path_to_result": "tests.desktop.consumer_pages.test_users_account/TestAccounts/test_create_new_user/", "failed": [], "passed": ["marketplace.dev.saucelabs", "marketplace.stage.saucelabs"], "test_name": "test_create_new_user"}, {"skipped": {}, "all_passed": true, "environments": ["stage", "dev"], "path_to_result": "tests.desktop.developer_hub.test_developer_hub/TestDeveloperHub/test_that_checks_required_field_validations_on_device_types_for_hosted_apps/", "failed": [], "passed": ["marketplace.stage.developer_hub.saucelabs", "marketplace.dev.developer_hub", "marketplace.dev.developer_hub.saucelabs"], "test_name": "test_that_checks_required_field_validations_on_device_types_for_hosted_apps"}, {"skipped": {}, "all_passed": true, "environments": ["dev", "prod", "stage"], "path_to_result": "tests.desktop.consumer_pages.test_search/TestSearching/test_that_searching_with_empty_field_using_submit_returns_results/", "failed": [], "passed": ["marketplace.dev.saucelabs", "marketplace.prod", "marketplace.stage.saucelabs", "marketplace.prod.saucelabs"], "test_name": "test_that_searching_with_empty_field_using_submit_returns_results"}, {"skipped": {}, "all_passed": true, "environments": ["dev", "prod", "stage"], "path_to_result": "tests.desktop.consumer_pages.test_consumers_page/TestConsumerPage/test_that_verifies_categories_section/", "failed": [], "passed": ["marketplace.dev.saucelabs", "marketplace.prod", "marketplace.stage.saucelabs", "marketplace.prod.saucelabs"], "test_name": "test_that_verifies_categories_section"}, {"skipped": {"jobs": ["marketplace.dev.saucelabs", "marketplace.prod", "marketplace.stage.saucelabs", "marketplace.prod.saucelabs"], "result": "skipped", "detail": "Sort not available yet.: /Users/Shared/Jenkins/Home/jobs/marketplace.dev.saucelabs/workspace/.env/lib/python2.7/site-packages/_pytest/skipping.py:120: Skipped: Sort not available yet."}, "all_passed": true, "environments": ["dev", "prod", "stage"], "path_to_result": "tests.desktop.consumer_pages.test_search/TestSearching/test_that_verifies_the_sort_region_from_search_results[Rating]/", "failed": [], "passed": [], "test_name": "test_that_verifies_the_sort_region_from_search_results[Rating]"}, {"skipped": {}, "all_passed": true, "environments": ["dev", "stage"], "path_to_result": "tests.desktop.consumer_pages.test_details_page/TestDetailsPage/test_that_reports_abuse_as_signed_in_user/", "failed": [], "passed": ["marketplace.dev.saucelabs", "marketplace.stage.saucelabs"], "test_name": "test_that_reports_abuse_as_signed_in_user"}, {"skipped": {}, "all_passed": true, "environments": ["stage", "dev"], "path_to_result": "tests.desktop.developer_hub.test_developer_hub/TestDeveloperHub/test_that_an_icon_cannot_be_added_via_an_invalid_file_format/", "failed": [], "passed": ["marketplace.stage.developer_hub.saucelabs", "marketplace.dev.developer_hub", "marketplace.dev.developer_hub.saucelabs"], "test_name": "test_that_an_icon_cannot_be_added_via_an_invalid_file_format"}, {"skipped": {}, "all_passed": true, "environments": ["dev", "stage"], "path_to_result": "tests.desktop.consumer_pages.test_reviews/TestReviews/test_that_checks_the_addition_of_a_review/", "failed": [], "passed": ["marketplace.dev.saucelabs", "marketplace.stage.saucelabs"], "test_name": "test_that_checks_the_addition_of_a_review"}, {"skipped": {}, "all_passed": true, "environments": ["stage", "dev"], "path_to_result": "tests.desktop.developer_hub.test_developer_hub_submit_apps/TestDeveloperHubSubmitApps/test_packaged_app_submission/", "failed": [], "passed": ["marketplace.stage.developer_hub.saucelabs", "marketplace.dev.developer_hub", "marketplace.dev.developer_hub.saucelabs"], "test_name": "test_packaged_app_submission"}, {"skipped": {"jobs": ["marketplace.dev.developer_hub", "marketplace.dev.developer_hub.saucelabs"], "result": "skipped", "detail": "expected test failure: Bug 1035692 - [dev] 500 Internal Server Error returned when trying to submit payment options for a hosted app"}, "all_passed": true, "environments": ["stage", "dev"], "path_to_result": "tests.desktop.developer_hub.test_developer_hub_submit_apps/TestDeveloperHubSubmitApps/test_hosted_paid_app_submission/", "failed": [], "passed": ["marketplace.stage.developer_hub.saucelabs"], "test_name": "test_hosted_paid_app_submission"}, {"skipped": {}, "all_passed": true, "environments": ["dev", "prod", "stage"], "path_to_result": "tests.desktop.consumer_pages.test_consumers_page/TestConsumerPage/test_that_verifies_featured_application_section/", "failed": [], "passed": ["marketplace.dev.saucelabs", "marketplace.prod", "marketplace.stage.saucelabs", "marketplace.prod.saucelabs"], "test_name": "test_that_verifies_featured_application_section"}, {"skipped": {}, "all_passed": true, "environments": ["stage", "dev"], "path_to_result": "tests.desktop.developer_hub.test_developer_hub/TestDeveloperHub/test_that_checks_apps_are_sorted_by_name/", "failed": [], "passed": ["marketplace.stage.developer_hub.saucelabs", "marketplace.dev.developer_hub", "marketplace.dev.developer_hub.saucelabs"], "test_name": "test_that_checks_apps_are_sorted_by_name"}, {"skipped": {}, "all_passed": true, "environments": ["dev", "prod", "stage"], "path_to_result": "tests.desktop.consumer_pages.test_consumers_page/TestConsumerPage/test_that_verifies_gallery_section_tabs/", "failed": [], "passed": ["marketplace.dev.saucelabs", "marketplace.prod", "marketplace.stage.saucelabs", "marketplace.prod.saucelabs"], "test_name": "test_that_verifies_gallery_section_tabs"}, {"skipped": {"jobs": ["marketplace.dev.saucelabs", "marketplace.prod", "marketplace.stage.saucelabs", "marketplace.prod.saucelabs"], "result": "skipped", "detail": "Search suggestions not available yet.: /Users/Shared/Jenkins/Home/jobs/marketplace.dev.saucelabs/workspace/.env/lib/python2.7/site-packages/_pytest/skipping.py:120: Skipped: Search suggestions not available yet."}, "all_passed": true, "environments": ["dev", "prod", "stage"], "path_to_result": "tests.desktop.consumer_pages.test_search/TestSearching/test_that_verifies_the_search_suggestions_list_under_the_search_field/", "failed": [], "passed": [], "test_name": "test_that_verifies_the_search_suggestions_list_under_the_search_field"}, {"skipped": {"jobs": ["marketplace.dev.saucelabs", "marketplace.prod", "marketplace.stage.saucelabs", "marketplace.prod.saucelabs"], "result": "skipped", "detail": "Sort not available yet.: /Users/Shared/Jenkins/Home/jobs/marketplace.dev.saucelabs/workspace/.env/lib/python2.7/site-packages/_pytest/skipping.py:120: Skipped: Sort not available yet."}, "all_passed": true, "environments": ["dev", "prod", "stage"], "path_to_result": "tests.desktop.consumer_pages.test_search/TestSearching/test_that_verifies_the_sort_region_from_search_results[Relevancy]/", "failed": [], "passed": [], "test_name": "test_that_verifies_the_sort_region_from_search_results[Relevancy]"}]}]}